2026-06-09 18:45:55 | DEBUG | P03 | KAFKA_BOOTSTRAP_SERVERS           = localhost:9092
2026-06-09 18:45:55 | DEBUG | P03 | KAFKA_BROKER_ADDRESS_FAMILY       = v6
2026-06-09 18:45:55 | DEBUG | P03 | KAFKA_TOPIC                       = streaming-05-storage-case
2026-06-09 18:45:55 | DEBUG | P03 | KAFKA_CLEAR_TOPIC_ON_START        = true
2026-06-09 18:45:55 | DEBUG | P03 | PRODUCER_MESSAGE_COUNT            = 3
2026-06-09 18:45:55 | DEBUG | P03 | PRODUCER_MESSAGE_INTERVAL_SECONDS = 2
2026-06-09 18:45:55 | DEBUG | P03 | PRODUCER_MAX_MESSAGES             = 50
2026-06-09 18:45:55 | DEBUG | P03 | PRODUCER_POLL_INTERVAL_SECONDS    = 15
2026-06-09 18:45:55 | DEBUG | P03 | KAFKA_GROUP_ID                    = streaming-consumer-group-A
2026-06-09 18:45:55 | DEBUG | P03 | KAFKA_AUTO_OFFSET_RESET           = earliest
2026-06-09 18:45:55 | DEBUG | P03 | CONSUMER_TIMEOUT_SECONDS          = 10
2026-06-09 18:45:55 | DEBUG | P03 | CONSUMER_MAX_MESSAGES             = 1000
2026-06-09 18:45:55 | INFO | P03 | === RUN START ===
2026-06-09 18:45:55 | INFO | P03 | project=P03
2026-06-09 18:45:55 | INFO | P03 | repo_dir=streaming-05-storage
2026-06-09 18:45:55 | INFO | P03 | python=3.14.3
2026-06-09 18:45:55 | INFO | P03 | os=Windows 11
2026-06-09 18:45:55 | INFO | P03 | shell=powershell
2026-06-09 18:45:55 | INFO | P03 | cwd=.
2026-06-09 18:45:55 | INFO | P03 | github_actions=False
2026-06-09 18:45:55 | INFO | P03 | ========================
2026-06-09 18:45:55 | INFO | P03 | START producer main()
2026-06-09 18:45:55 | INFO | P03 | ========================
2026-06-09 18:45:55 | INFO | P03 | ROOT_DIR = .
2026-06-09 18:45:55 | INFO | P03 | DATA_DIR = data
2026-06-09 18:45:55 | INFO | P03 | SALES_CSV = data\sales.csv
2026-06-09 18:45:55 | INFO | P03 | REGIONS_CSV = data\regions.csv
2026-06-09 18:45:55 | INFO | P03 | PRODUCTS_CSV = data\products.csv
2026-06-09 18:45:55 | INFO | P03 | REJECTED_SALES_CSV = data\output\producer_rejected_sales.csv
2026-06-09 18:45:55 | INFO | P03 | ========================
2026-06-09 18:45:55 | INFO | P03 | SECTION A. Acquire
2026-06-09 18:45:55 | INFO | P03 | ========================
2026-06-09 18:45:55 | INFO | P03 | Loading settings from .env...
2026-06-09 18:45:55 | INFO | P03 | KAFKA_BOOTSTRAP_SERVERS           = localhost:9092
2026-06-09 18:45:55 | INFO | P03 | KAFKA_TOPIC                       = streaming-05-storage-case
2026-06-09 18:45:55 | INFO | P03 | PRODUCER_MESSAGE_COUNT            = 3
2026-06-09 18:45:55 | INFO | P03 | PRODUCER_MESSAGE_INTERVAL_SECONDS = 2.0
2026-06-09 18:45:55 | INFO | P03 | KAFKA_CLEAR_TOPIC_ON_START        = True
2026-06-09 18:45:55 | INFO | P03 | Verifying Kafka connection...
2026-06-09 18:45:55 | INFO | P03 | Kafka port is reachable.
2026-06-09 18:46:06 | INFO | P03 | Loading validation reference data...
2026-06-09 18:46:06 | INFO | P03 | Found 6 valid regions, 6 valid products.
2026-06-09 18:46:06 | INFO | P03 | ========================
2026-06-09 18:46:06 | INFO | P03 | SECTION P. Produce Messages
2026-06-09 18:46:06 | INFO | P03 | ========================
2026-06-09 18:46:06 | INFO | P03 | Initializing output...
2026-06-09 18:46:06 | INFO | P03 | Output directory ready: output
2026-06-09 18:46:06 | INFO | P03 | Sending messages...
2026-06-09 18:46:06 | INFO | P03 | Sending up to 3 message(s) to topic 'streaming-05-storage-case'.
2026-06-09 18:46:06 | INFO | P03 | Watch each sale arrive. Press CTRL+C to stop early.

2026-06-09 18:46:06 | INFO | P03 | {
  order_id: e7324981-a9f0-419f-b708-d0a333451fff
  datetime: 2026-05-04T08:11:00Z
  region_id: US-TX
  currency_code: USD
  product_id: PY-STREAM-005
  unit_price: 59.99
  quantity: 3
  is_online: true
  customer_id: CUST-4150
  is_new_customer: false
  device_type: tablet
  payment_method: paypal
  referral_source: paid_search
  discount_code: 
  customer_note: Gift for my team
}
2026-06-09 18:46:06 | INFO | P03 |   Sending message with key=US-TX
2026-06-09 18:46:06 | INFO | P03 |   MESSAGE SENT  sent=1
2026-06-09 18:46:08 | INFO | P03 | {
  order_id: d61943e0-f543-4b5f-9c9a-18605ea4cfe5
  datetime: 2026-05-04T08:23:00Z
  region_id: US-TX
  currency_code: USD
  product_id: PY-DATA-002
  unit_price: 49.99
  quantity: 1
  is_online: true
  customer_id: CUST-1106
  is_new_customer: false
  device_type: mobile
  payment_method: paypal
  referral_source: paid_search
  discount_code: 
  customer_note: Gift for my team
}
2026-06-09 18:46:08 | INFO | P03 |   Sending message with key=US-TX
2026-06-09 18:46:08 | INFO | P03 |   MESSAGE SENT  sent=2
2026-06-09 18:46:10 | INFO | P03 | {
  order_id: 14da1915-8e74-47be-9e10-f7275d31af46
  datetime: 2026-05-04T08:28:00Z
  region_id: CA-QC
  currency_code: CAD
  product_id: PY-NLP-006
  unit_price: 54.99
  quantity: 1
  is_online: true
  customer_id: CUST-2133
  is_new_customer: false
  device_type: desktop
  payment_method: paypal
  referral_source: organic
  discount_code: 
  customer_note: Learning at my own pace
}
2026-06-09 18:46:10 | INFO | P03 |   Sending message with key=CA-QC
2026-06-09 18:46:10 | INFO | P03 |   MESSAGE SENT  sent=3
2026-06-09 18:46:12 | INFO | P03 | Checking for rejected records...
2026-06-09 18:46:12 | INFO | P03 |   No records rejected.
2026-06-09 18:46:12 | INFO | P03 | ========================
2026-06-09 18:46:12 | INFO | P03 | SECTION E. Exit
2026-06-09 18:46:12 | INFO | P03 | ========================
2026-06-09 18:46:12 | INFO | P03 | Summary:
2026-06-09 18:46:12 | INFO | P03 | Sent 3 message(s) to topic 'streaming-05-storage-case'.
2026-06-09 18:46:12 | INFO | P03 | Rejected 0 message(s).
2026-06-09 18:46:12 | INFO | P03 | ========================
2026-06-09 18:46:12 | INFO | P03 | Producer executed successfully!
2026-06-09 18:46:12 | INFO | P03 | ========================
2026-06-09 18:47:26 | DEBUG | C05 | KAFKA_BOOTSTRAP_SERVERS           = localhost:9092
2026-06-09 18:47:26 | DEBUG | C05 | KAFKA_BROKER_ADDRESS_FAMILY       = v6
2026-06-09 18:47:26 | DEBUG | C05 | KAFKA_TOPIC                       = streaming-05-storage-case
2026-06-09 18:47:26 | DEBUG | C05 | KAFKA_CLEAR_TOPIC_ON_START        = true
2026-06-09 18:47:26 | DEBUG | C05 | PRODUCER_MESSAGE_COUNT            = 3
2026-06-09 18:47:26 | DEBUG | C05 | PRODUCER_MESSAGE_INTERVAL_SECONDS = 2
2026-06-09 18:47:26 | DEBUG | C05 | PRODUCER_MAX_MESSAGES             = 50
2026-06-09 18:47:26 | DEBUG | C05 | PRODUCER_POLL_INTERVAL_SECONDS    = 15
2026-06-09 18:47:26 | DEBUG | C05 | KAFKA_GROUP_ID                    = streaming-consumer-group-A
2026-06-09 18:47:26 | DEBUG | C05 | KAFKA_AUTO_OFFSET_RESET           = earliest
2026-06-09 18:47:26 | DEBUG | C05 | CONSUMER_TIMEOUT_SECONDS          = 10
2026-06-09 18:47:26 | DEBUG | C05 | CONSUMER_MAX_MESSAGES             = 1000
2026-06-09 18:47:26 | DEBUG | P03 | KAFKA_BOOTSTRAP_SERVERS           = localhost:9092
2026-06-09 18:47:26 | DEBUG | P03 | KAFKA_BROKER_ADDRESS_FAMILY       = v6
2026-06-09 18:47:26 | DEBUG | P03 | KAFKA_TOPIC                       = streaming-05-storage-case
2026-06-09 18:47:26 | DEBUG | P03 | KAFKA_CLEAR_TOPIC_ON_START        = true
2026-06-09 18:47:26 | DEBUG | P03 | PRODUCER_MESSAGE_COUNT            = 3
2026-06-09 18:47:26 | DEBUG | P03 | PRODUCER_MESSAGE_INTERVAL_SECONDS = 2
2026-06-09 18:47:26 | DEBUG | P03 | PRODUCER_MAX_MESSAGES             = 50
2026-06-09 18:47:26 | DEBUG | P03 | PRODUCER_POLL_INTERVAL_SECONDS    = 15
2026-06-09 18:47:26 | DEBUG | P03 | KAFKA_GROUP_ID                    = streaming-consumer-group-A
2026-06-09 18:47:26 | DEBUG | P03 | KAFKA_AUTO_OFFSET_RESET           = earliest
2026-06-09 18:47:26 | DEBUG | P03 | CONSUMER_TIMEOUT_SECONDS          = 10
2026-06-09 18:47:26 | DEBUG | P03 | CONSUMER_MAX_MESSAGES             = 1000
2026-06-09 18:48:47 | DEBUG | C05 | KAFKA_BOOTSTRAP_SERVERS           = localhost:9092
2026-06-09 18:48:47 | DEBUG | C05 | KAFKA_BROKER_ADDRESS_FAMILY       = v6
2026-06-09 18:48:47 | DEBUG | C05 | KAFKA_TOPIC                       = streaming-05-storage-case
2026-06-09 18:48:47 | DEBUG | C05 | KAFKA_CLEAR_TOPIC_ON_START        = true
2026-06-09 18:48:47 | DEBUG | C05 | PRODUCER_MESSAGE_COUNT            = 3
2026-06-09 18:48:47 | DEBUG | C05 | PRODUCER_MESSAGE_INTERVAL_SECONDS = 2
2026-06-09 18:48:47 | DEBUG | C05 | PRODUCER_MAX_MESSAGES             = 50
2026-06-09 18:48:47 | DEBUG | C05 | PRODUCER_POLL_INTERVAL_SECONDS    = 15
2026-06-09 18:48:47 | DEBUG | C05 | KAFKA_GROUP_ID                    = streaming-consumer-group-A
2026-06-09 18:48:47 | DEBUG | C05 | KAFKA_AUTO_OFFSET_RESET           = earliest
2026-06-09 18:48:47 | DEBUG | C05 | CONSUMER_TIMEOUT_SECONDS          = 10
2026-06-09 18:48:47 | DEBUG | C05 | CONSUMER_MAX_MESSAGES             = 1000
2026-06-09 18:48:47 | INFO | C05 | === RUN START ===
2026-06-09 18:48:47 | INFO | C05 | project=C05
2026-06-09 18:48:47 | INFO | C05 | repo_dir=streaming-05-storage
2026-06-09 18:48:47 | INFO | C05 | python=3.14.3
2026-06-09 18:48:47 | INFO | C05 | os=Windows 11
2026-06-09 18:48:47 | INFO | C05 | shell=powershell
2026-06-09 18:48:47 | INFO | C05 | cwd=.
2026-06-09 18:48:47 | INFO | C05 | github_actions=False
2026-06-09 18:48:47 | INFO | C05 | ========================
2026-06-09 18:48:47 | INFO | C05 | START consumer main()
2026-06-09 18:48:47 | INFO | C05 | ========================
2026-06-09 18:48:47 | INFO | C05 | ROOT_DIR = .
2026-06-09 18:48:47 | INFO | C05 | DATA_DIR = data
2026-06-09 18:48:47 | INFO | C05 | OUTPUT_CSV = data\output\consumed_sales.csv
2026-06-09 18:48:47 | INFO | C05 | OUTPUT_DB = data\output\sales.duckdb
2026-06-09 18:48:47 | INFO | C05 | REGIONS_CSV = data\regions.csv
2026-06-09 18:48:47 | INFO | C05 | PRODUCTS_CSV = data\products.csv
2026-06-09 18:48:47 | INFO | C05 | CURRENCIES_CSV = data\currencies.csv
2026-06-09 18:48:47 | INFO | C05 | DISCOUNT_CODES_CSV = data\discount_codes.csv
2026-06-09 18:48:47 | INFO | C05 | ========================
2026-06-09 18:48:47 | INFO | C05 | SECTION A. Acquire
2026-06-09 18:48:47 | INFO | C05 | ========================
2026-06-09 18:48:47 | INFO | C05 | Loading settings from .env...
2026-06-09 18:48:47 | INFO | C05 | KAFKA_BOOTSTRAP_SERVERS  = localhost:9092
2026-06-09 18:48:47 | INFO | C05 | KAFKA_TOPIC              = streaming-05-storage-case
2026-06-09 18:48:47 | INFO | C05 | KAFKA_GROUP_ID           = streaming-consumer-group-A
2026-06-09 18:48:47 | INFO | C05 | CONSUMER_TIMEOUT_SECONDS = 10.0
2026-06-09 18:48:47 | INFO | C05 | CONSUMER_MAX_MESSAGES    = 1000
2026-06-09 18:48:47 | INFO | C05 | Verifying Kafka connection...
2026-06-09 18:48:47 | INFO | C05 | Kafka port is reachable.
2026-06-09 18:48:47 | INFO | C05 | Verifying Kafka topic...
2026-06-09 18:48:57 | INFO | C05 | Topic 'streaming-05-storage-case' exists.
2026-06-09 18:48:57 | INFO | C05 | Found 3 message(s) available.
2026-06-09 18:48:57 | INFO | C05 | Creating Kafka consumer...
2026-06-09 18:48:57 | INFO | C05 | Subscribed to topic: 'streaming-05-storage-case' (reading from beginning)
2026-06-09 18:48:57 | INFO | C05 | ========================
2026-06-09 18:48:57 | INFO | C05 | SECTION C. Consume and Process Messages
2026-06-09 18:48:57 | INFO | C05 | ========================
2026-06-09 18:48:57 | INFO | C05 | Initializing output...
2026-06-09 18:48:57 | INFO | C05 | Output CSV cleared: consumed_sales.csv
2026-06-09 18:48:57 | INFO | C05 | Database initialized: sales.duckdb
2026-06-09 18:48:57 | INFO | C05 | Loading enrichment reference data...
2026-06-09 18:48:57 | INFO | C05 | Found 6 region tax rates.
2026-06-09 18:48:57 | INFO | C05 | Consuming messages...
2026-06-09 18:48:57 | INFO | C05 | Waiting for up to 1000 message(s).
2026-06-09 18:48:57 | INFO | C05 | Press CTRL+C to stop early.

2026-06-09 18:49:03 | INFO | C05 | {'currency_code': 'USD', 'customer_id': 'CUST-4150', 'customer_note': 'Gift for my team', 'datetime': '2026-05-04T08:11:00Z', 'device_type': 'tablet', 'discount_code': '', 'is_new_customer': 'false', 'is_online': 'true', 'order_id': 'e7324981-a9f0-419f-b708-d0a333451fff', 'payment_method': 'paypal', 'product_id': 'PY-STREAM-005', 'quantity': '3', 'referral_source': 'paid_search', 'region_id': 'US-TX', 'unit_price': '59.99', '_kafka_key': 'US-TX', '_kafka_partition': 0, '_kafka_offset': 0}
2026-06-09 18:49:03 | INFO | C05 | subtotal=179.97
2026-06-09 18:49:03 | INFO | C05 | tax=14.85
2026-06-09 18:49:03 | INFO | C05 | total=194.82
2026-06-09 18:49:03 | INFO | C05 | running_total=194.82
2026-06-09 18:49:03 | INFO | C05 | Wrote valid record to DuckDB:
2026-06-09 18:49:03 | INFO | C05 |   order=e7324981-a9f0-419f-b708-d0a333451fff
2026-06-09 18:49:03 | INFO | C05 | MESSAGE ACCEPTED
2026-06-09 18:49:03 | INFO | C05 | order=e7324981-a9f0-419f-b708-d0a333451fff
2026-06-09 18:49:03 | INFO | C05 | total=$194.82
2026-06-09 18:49:03 | INFO | C05 | consumed=1
2026-06-09 18:49:03 | INFO | C05 | RUNNING STATS
2026-06-09 18:49:03 | INFO | C05 | total_sales=$194.82
2026-06-09 18:49:03 | INFO | C05 | average=$194.82
2026-06-09 18:49:03 | INFO | C05 | min=$194.82
2026-06-09 18:49:03 | INFO | C05 | max=$194.82
2026-06-09 18:49:03 | INFO | C05 | {'currency_code': 'USD', 'customer_id': 'CUST-1106', 'customer_note': 'Gift for my team', 'datetime': '2026-05-04T08:23:00Z', 'device_type': 'mobile', 'discount_code': '', 'is_new_customer': 'false', 'is_online': 'true', 'order_id': 'd61943e0-f543-4b5f-9c9a-18605ea4cfe5', 'payment_method': 'paypal', 'product_id': 'PY-DATA-002', 'quantity': '1', 'referral_source': 'paid_search', 'region_id': 'US-TX', 'unit_price': '49.99', '_kafka_key': 'US-TX', '_kafka_partition': 0, '_kafka_offset': 1}
2026-06-09 18:49:03 | INFO | C05 | subtotal=49.99
2026-06-09 18:49:03 | INFO | C05 | tax=4.12
2026-06-09 18:49:03 | INFO | C05 | total=54.11
2026-06-09 18:49:03 | INFO | C05 | running_total=248.93
2026-06-09 18:49:04 | INFO | C05 | Wrote valid record to DuckDB:
2026-06-09 18:49:04 | INFO | C05 |   order=d61943e0-f543-4b5f-9c9a-18605ea4cfe5
2026-06-09 18:49:04 | INFO | C05 | MESSAGE ACCEPTED
2026-06-09 18:49:04 | INFO | C05 | order=d61943e0-f543-4b5f-9c9a-18605ea4cfe5
2026-06-09 18:49:04 | INFO | C05 | total=$54.11
2026-06-09 18:49:04 | INFO | C05 | consumed=2
2026-06-09 18:49:04 | INFO | C05 | RUNNING STATS
2026-06-09 18:49:04 | INFO | C05 | total_sales=$248.93
2026-06-09 18:49:04 | INFO | C05 | average=$124.47
2026-06-09 18:49:04 | INFO | C05 | min=$54.11
2026-06-09 18:49:04 | INFO | C05 | max=$194.82
2026-06-09 18:49:04 | INFO | C05 | {'currency_code': 'CAD', 'customer_id': 'CUST-2133', 'customer_note': 'Learning at my own pace', 'datetime': '2026-05-04T08:28:00Z', 'device_type': 'desktop', 'discount_code': '', 'is_new_customer': 'false', 'is_online': 'true', 'order_id': '14da1915-8e74-47be-9e10-f7275d31af46', 'payment_method': 'paypal', 'product_id': 'PY-NLP-006', 'quantity': '1', 'referral_source': 'organic', 'region_id': 'CA-QC', 'unit_price': '54.99', '_kafka_key': 'CA-QC', '_kafka_partition': 0, '_kafka_offset': 2}
2026-06-09 18:49:04 | INFO | C05 | subtotal=54.99
2026-06-09 18:49:04 | INFO | C05 | tax=8.23
2026-06-09 18:49:04 | INFO | C05 | total=63.22
2026-06-09 18:49:04 | INFO | C05 | running_total=312.15
2026-06-09 18:49:04 | INFO | C05 | Wrote valid record to DuckDB:
2026-06-09 18:49:04 | INFO | C05 |   order=14da1915-8e74-47be-9e10-f7275d31af46
2026-06-09 18:49:04 | INFO | C05 | MESSAGE ACCEPTED
2026-06-09 18:49:04 | INFO | C05 | order=14da1915-8e74-47be-9e10-f7275d31af46
2026-06-09 18:49:04 | INFO | C05 | total=$63.22
2026-06-09 18:49:04 | INFO | C05 | consumed=3
2026-06-09 18:49:04 | INFO | C05 | RUNNING STATS
2026-06-09 18:49:04 | INFO | C05 | total_sales=$312.15
2026-06-09 18:49:04 | INFO | C05 | average=$104.05
2026-06-09 18:49:04 | INFO | C05 | min=$54.11
2026-06-09 18:49:04 | INFO | C05 | max=$194.82
2026-06-09 18:49:15 | INFO | C05 | No message received within 10.0s timeout.
2026-06-09 18:49:15 | INFO | C05 | Producer finished or paused. Stopping consumer.
2026-06-09 18:49:15 | INFO | C05 | Kafka consumer closed.
2026-06-09 18:49:15 | INFO | C05 | Saving artifacts...
2026-06-09 18:49:15 | INFO | C05 | WROTE OUTPUT_CSV = data\output\consumed_sales.csv
2026-06-09 18:49:15 | INFO | C05 | WROTE OUTPUT_DB = data\output\sales.duckdb
2026-06-09 18:49:15 | INFO | C05 | ========================
2026-06-09 18:49:15 | INFO | C05 | SECTION E. Exit
2026-06-09 18:49:15 | INFO | C05 | ========================
2026-06-09 18:49:15 | INFO | C05 | Summary:
2026-06-09 18:49:15 | INFO | C05 | Consumed 3 message(s) from topic 'streaming-05-storage-case'.
2026-06-09 18:49:15 | INFO | C05 | Skipped  0 message(s).
2026-06-09 18:49:15 | INFO | C05 | OUTPUT_CSV = data\output\consumed_sales.csv
2026-06-09 18:49:15 | INFO | C05 |   Total sales:  $312.15
2026-06-09 18:49:15 | INFO | C05 |   Average sale: $104.05
2026-06-09 18:49:15 | INFO | C05 |   Minimum sale: $54.11
2026-06-09 18:49:15 | INFO | C05 |   Maximum sale: $194.82
2026-06-09 18:49:15 | INFO | C05 | ========================
2026-06-09 18:49:15 | INFO | C05 | Consumer executed successfully!
2026-06-09 18:49:15 | INFO | C05 | ========================
2026-06-12 09:46:58 | INFO | A02 | === RUN START ===
2026-06-12 09:46:58 | INFO | A02 | project=A02
2026-06-12 09:46:58 | INFO | A02 | repo_dir=streaming-05-storage
2026-06-12 09:46:58 | INFO | A02 | python=3.14.3
2026-06-12 09:46:58 | INFO | A02 | os=Windows 11
2026-06-12 09:46:58 | INFO | A02 | shell=powershell
2026-06-12 09:46:58 | INFO | A02 | cwd=.
2026-06-12 09:46:58 | INFO | A02 | github_actions=False
2026-06-12 09:46:58 | INFO | A02 | ========================
2026-06-12 09:46:58 | INFO | A02 | START admin main()
2026-06-12 09:46:58 | INFO | A02 | ========================
2026-06-12 09:46:58 | INFO | A02 | KAFKA_BOOTSTRAP_SERVERS = localhost:9092
2026-06-12 09:46:58 | INFO | A02 | KAFKA_TOPIC             = streaming-05-storage-case
2026-06-12 09:46:58 | INFO | A02 | KAFKA_GROUP_ID          = streaming-consumer-group-A
2026-06-12 09:46:58 | INFO | A02 | KAFKA_AUTO_OFFSET_RESET = earliest
2026-06-12 09:46:58 | INFO | A02 | MESSAGE_INTERVAL_SECONDS = 1.0
2026-06-12 09:46:58 | INFO | A02 | MESSAGE_COUNT           = 6
2026-06-12 09:46:58 | INFO | A02 | Verifying Kafka connection...
2026-06-12 09:46:58 | INFO | A02 | Kafka port is reachable.
2026-06-12 09:47:07 | INFO | A02 | Topics currently in Kafka: (none)
2026-06-12 09:47:07 | INFO | A02 | Topic 'streaming-05-storage-case' does not exist. Nothing to delete.
2026-06-12 09:47:07 | INFO | A02 | Creating topic 'streaming-05-storage-case' ...
2026-06-12 09:47:07 | INFO | A02 | Topic 'streaming-05-storage-case' created successfully.
2026-06-12 09:47:07 | INFO | A02 | Topics currently in Kafka: ['streaming-05-storage-case']
2026-06-12 09:47:07 | INFO | A02 | ========================
2026-06-12 09:47:07 | INFO | A02 | Admin executed successfully!
2026-06-12 09:47:07 | INFO | A02 | ========================
2026-06-12 09:47:38 | DEBUG | P03 | KAFKA_BOOTSTRAP_SERVERS           = localhost:9092
2026-06-12 09:47:38 | DEBUG | P03 | KAFKA_BROKER_ADDRESS_FAMILY       = v6
2026-06-12 09:47:38 | DEBUG | P03 | KAFKA_TOPIC                       = streaming-05-storage-case
2026-06-12 09:47:38 | DEBUG | P03 | KAFKA_CLEAR_TOPIC_ON_START        = true
2026-06-12 09:47:38 | DEBUG | P03 | PRODUCER_MESSAGE_COUNT            = 3
2026-06-12 09:47:38 | DEBUG | P03 | PRODUCER_MESSAGE_INTERVAL_SECONDS = 2
2026-06-12 09:47:38 | DEBUG | P03 | PRODUCER_MAX_MESSAGES             = 50
2026-06-12 09:47:38 | DEBUG | P03 | PRODUCER_POLL_INTERVAL_SECONDS    = 15
2026-06-12 09:47:38 | DEBUG | P03 | KAFKA_GROUP_ID                    = streaming-consumer-group-A
2026-06-12 09:47:38 | DEBUG | P03 | KAFKA_AUTO_OFFSET_RESET           = earliest
2026-06-12 09:47:38 | DEBUG | P03 | CONSUMER_TIMEOUT_SECONDS          = 10
2026-06-12 09:47:38 | DEBUG | P03 | CONSUMER_MAX_MESSAGES             = 1000
2026-06-12 09:47:38 | INFO | P03 | === RUN START ===
2026-06-12 09:47:38 | INFO | P03 | project=P03
2026-06-12 09:47:38 | INFO | P03 | repo_dir=streaming-05-storage
2026-06-12 09:47:38 | INFO | P03 | python=3.14.3
2026-06-12 09:47:38 | INFO | P03 | os=Windows 11
2026-06-12 09:47:38 | INFO | P03 | shell=powershell
2026-06-12 09:47:38 | INFO | P03 | cwd=.
2026-06-12 09:47:38 | INFO | P03 | github_actions=False
2026-06-12 09:47:38 | INFO | P03 | ========================
2026-06-12 09:47:38 | INFO | P03 | START producer main()
2026-06-12 09:47:38 | INFO | P03 | ========================
2026-06-12 09:47:38 | INFO | P03 | ROOT_DIR = .
2026-06-12 09:47:38 | INFO | P03 | DATA_DIR = data
2026-06-12 09:47:38 | INFO | P03 | SALES_CSV = data\sales.csv
2026-06-12 09:47:38 | INFO | P03 | REGIONS_CSV = data\regions.csv
2026-06-12 09:47:38 | INFO | P03 | PRODUCTS_CSV = data\products.csv
2026-06-12 09:47:38 | INFO | P03 | REJECTED_SALES_CSV = data\output\producer_rejected_sales.csv
2026-06-12 09:47:38 | INFO | P03 | ========================
2026-06-12 09:47:38 | INFO | P03 | SECTION A. Acquire
2026-06-12 09:47:38 | INFO | P03 | ========================
2026-06-12 09:47:38 | INFO | P03 | Loading settings from .env...
2026-06-12 09:47:38 | INFO | P03 | KAFKA_BOOTSTRAP_SERVERS           = localhost:9092
2026-06-12 09:47:38 | INFO | P03 | KAFKA_TOPIC                       = streaming-05-storage-case
2026-06-12 09:47:38 | INFO | P03 | PRODUCER_MESSAGE_COUNT            = 3
2026-06-12 09:47:38 | INFO | P03 | PRODUCER_MESSAGE_INTERVAL_SECONDS = 2.0
2026-06-12 09:47:38 | INFO | P03 | KAFKA_CLEAR_TOPIC_ON_START        = True
2026-06-12 09:47:38 | INFO | P03 | Verifying Kafka connection...
2026-06-12 09:47:38 | INFO | P03 | Kafka port is reachable.
2026-06-12 09:47:40 | INFO | P03 | Loading validation reference data...
2026-06-12 09:47:40 | INFO | P03 | Found 6 valid regions, 6 valid products.
2026-06-12 09:47:40 | INFO | P03 | ========================
2026-06-12 09:47:40 | INFO | P03 | SECTION P. Produce Messages
2026-06-12 09:47:40 | INFO | P03 | ========================
2026-06-12 09:47:40 | INFO | P03 | Initializing output...
2026-06-12 09:47:40 | INFO | P03 | Output directory ready: output
2026-06-12 09:47:40 | INFO | P03 | Sending messages...
2026-06-12 09:47:40 | INFO | P03 | Sending up to 3 message(s) to topic 'streaming-05-storage-case'.
2026-06-12 09:47:40 | INFO | P03 | Watch each sale arrive. Press CTRL+C to stop early.

2026-06-12 09:47:40 | INFO | P03 | {
  order_id: e7324981-a9f0-419f-b708-d0a333451fff
  datetime: 2026-05-04T08:11:00Z
  region_id: US-TX
  currency_code: USD
  product_id: PY-STREAM-005
  unit_price: 59.99
  quantity: 3
  is_online: true
  customer_id: CUST-4150
  is_new_customer: false
  device_type: tablet
  payment_method: paypal
  referral_source: paid_search
  discount_code: 
  customer_note: Gift for my team
}
2026-06-12 09:47:40 | INFO | P03 |   Sending message with key=US-TX
2026-06-12 09:47:40 | INFO | P03 |   MESSAGE SENT  sent=1
2026-06-12 09:47:42 | INFO | P03 | {
  order_id: d61943e0-f543-4b5f-9c9a-18605ea4cfe5
  datetime: 2026-05-04T08:23:00Z
  region_id: US-TX
  currency_code: USD
  product_id: PY-DATA-002
  unit_price: 49.99
  quantity: 1
  is_online: true
  customer_id: CUST-1106
  is_new_customer: false
  device_type: mobile
  payment_method: paypal
  referral_source: paid_search
  discount_code: 
  customer_note: Gift for my team
}
2026-06-12 09:47:42 | INFO | P03 |   Sending message with key=US-TX
2026-06-12 09:47:42 | INFO | P03 |   MESSAGE SENT  sent=2
2026-06-12 09:47:44 | INFO | P03 | {
  order_id: 14da1915-8e74-47be-9e10-f7275d31af46
  datetime: 2026-05-04T08:28:00Z
  region_id: CA-QC
  currency_code: CAD
  product_id: PY-NLP-006
  unit_price: 54.99
  quantity: 1
  is_online: true
  customer_id: CUST-2133
  is_new_customer: false
  device_type: desktop
  payment_method: paypal
  referral_source: organic
  discount_code: 
  customer_note: Learning at my own pace
}
2026-06-12 09:47:44 | INFO | P03 |   Sending message with key=CA-QC
2026-06-12 09:47:44 | INFO | P03 |   MESSAGE SENT  sent=3
2026-06-12 09:47:46 | INFO | P03 | Checking for rejected records...
2026-06-12 09:47:46 | INFO | P03 |   No records rejected.
2026-06-12 09:47:46 | INFO | P03 | ========================
2026-06-12 09:47:46 | INFO | P03 | SECTION E. Exit
2026-06-12 09:47:46 | INFO | P03 | ========================
2026-06-12 09:47:46 | INFO | P03 | Summary:
2026-06-12 09:47:46 | INFO | P03 | Sent 3 message(s) to topic 'streaming-05-storage-case'.
2026-06-12 09:47:46 | INFO | P03 | Rejected 0 message(s).
2026-06-12 09:47:46 | INFO | P03 | ========================
2026-06-12 09:47:46 | INFO | P03 | Producer executed successfully!
2026-06-12 09:47:46 | INFO | P03 | ========================
2026-06-12 09:48:30 | DEBUG | C05 | KAFKA_BOOTSTRAP_SERVERS           = localhost:9092
2026-06-12 09:48:30 | DEBUG | C05 | KAFKA_BROKER_ADDRESS_FAMILY       = v6
2026-06-12 09:48:30 | DEBUG | C05 | KAFKA_TOPIC                       = streaming-05-storage-case
2026-06-12 09:48:30 | DEBUG | C05 | KAFKA_CLEAR_TOPIC_ON_START        = true
2026-06-12 09:48:30 | DEBUG | C05 | PRODUCER_MESSAGE_COUNT            = 3
2026-06-12 09:48:30 | DEBUG | C05 | PRODUCER_MESSAGE_INTERVAL_SECONDS = 2
2026-06-12 09:48:30 | DEBUG | C05 | PRODUCER_MAX_MESSAGES             = 50
2026-06-12 09:48:30 | DEBUG | C05 | PRODUCER_POLL_INTERVAL_SECONDS    = 15
2026-06-12 09:48:30 | DEBUG | C05 | KAFKA_GROUP_ID                    = streaming-consumer-group-A
2026-06-12 09:48:30 | DEBUG | C05 | KAFKA_AUTO_OFFSET_RESET           = earliest
2026-06-12 09:48:30 | DEBUG | C05 | CONSUMER_TIMEOUT_SECONDS          = 10
2026-06-12 09:48:30 | DEBUG | C05 | CONSUMER_MAX_MESSAGES             = 1000
2026-06-12 09:48:30 | INFO | C05 | === RUN START ===
2026-06-12 09:48:30 | INFO | C05 | project=C05
2026-06-12 09:48:30 | INFO | C05 | repo_dir=streaming-05-storage
2026-06-12 09:48:30 | INFO | C05 | python=3.14.3
2026-06-12 09:48:30 | INFO | C05 | os=Windows 11
2026-06-12 09:48:30 | INFO | C05 | shell=powershell
2026-06-12 09:48:30 | INFO | C05 | cwd=.
2026-06-12 09:48:30 | INFO | C05 | github_actions=False
2026-06-12 09:48:30 | INFO | C05 | ========================
2026-06-12 09:48:30 | INFO | C05 | START consumer main()
2026-06-12 09:48:30 | INFO | C05 | ========================
2026-06-12 09:48:30 | INFO | C05 | ROOT_DIR = .
2026-06-12 09:48:30 | INFO | C05 | DATA_DIR = data
2026-06-12 09:48:30 | INFO | C05 | OUTPUT_CSV = data\output\consumed_sales_foster.csv
2026-06-12 09:48:30 | INFO | C05 | OUTPUT_DB = data\output\sales.duckdb
2026-06-12 09:48:30 | INFO | C05 | REGIONS_CSV = data\regions.csv
2026-06-12 09:48:30 | INFO | C05 | PRODUCTS_CSV = data\products.csv
2026-06-12 09:48:30 | INFO | C05 | CURRENCIES_CSV = data\currencies.csv
2026-06-12 09:48:30 | INFO | C05 | DISCOUNT_CODES_CSV = data\discount_codes.csv
2026-06-12 09:48:30 | INFO | C05 | ========================
2026-06-12 09:48:30 | INFO | C05 | SECTION A. Acquire
2026-06-12 09:48:30 | INFO | C05 | ========================
2026-06-12 09:48:30 | INFO | C05 | Loading settings from .env...
2026-06-12 09:48:30 | INFO | C05 | KAFKA_BOOTSTRAP_SERVERS  = localhost:9092
2026-06-12 09:48:30 | INFO | C05 | KAFKA_TOPIC              = streaming-05-storage-case
2026-06-12 09:48:30 | INFO | C05 | KAFKA_GROUP_ID           = streaming-consumer-group-A
2026-06-12 09:48:30 | INFO | C05 | CONSUMER_TIMEOUT_SECONDS = 10.0
2026-06-12 09:48:30 | INFO | C05 | CONSUMER_MAX_MESSAGES    = 1000
2026-06-12 09:48:30 | INFO | C05 | Verifying Kafka connection...
2026-06-12 09:48:30 | INFO | C05 | Kafka port is reachable.
2026-06-12 09:48:30 | INFO | C05 | Verifying Kafka topic...
2026-06-12 09:48:32 | INFO | C05 | Topic 'streaming-05-storage-case' exists.
2026-06-12 09:48:32 | INFO | C05 | Found 3 message(s) available.
2026-06-12 09:48:32 | INFO | C05 | Creating Kafka consumer...
2026-06-12 09:48:32 | INFO | C05 | Subscribed to topic: 'streaming-05-storage-case' (reading from beginning)
2026-06-12 09:48:32 | INFO | C05 | ========================
2026-06-12 09:48:32 | INFO | C05 | SECTION C. Consume and Process Messages
2026-06-12 09:48:32 | INFO | C05 | ========================
2026-06-12 09:48:32 | INFO | C05 | Initializing output...
2026-06-12 09:48:32 | INFO | C05 | Output CSV cleared: consumed_sales_foster.csv
2026-06-12 09:48:32 | INFO | C05 | Database initialized: sales.duckdb
2026-06-12 09:48:32 | INFO | C05 | Loading enrichment reference data...
2026-06-12 09:48:32 | INFO | C05 | Found 6 region tax rates.
2026-06-12 09:48:32 | INFO | C05 | Found 3 currency exchange rates.
2026-06-12 09:48:32 | INFO | C05 | Consuming messages...
2026-06-12 09:48:32 | INFO | C05 | Waiting for up to 1000 message(s).
2026-06-12 09:48:32 | INFO | C05 | Press CTRL+C to stop early.

2026-06-12 09:48:38 | INFO | C05 | {'currency_code': 'USD', 'customer_id': 'CUST-4150', 'customer_note': 'Gift for my team', 'datetime': '2026-05-04T08:11:00Z', 'device_type': 'tablet', 'discount_code': '', 'is_new_customer': 'false', 'is_online': 'true', 'order_id': 'e7324981-a9f0-419f-b708-d0a333451fff', 'payment_method': 'paypal', 'product_id': 'PY-STREAM-005', 'quantity': '3', 'referral_source': 'paid_search', 'region_id': 'US-TX', 'unit_price': '59.99', '_kafka_key': 'US-TX', '_kafka_partition': 0, '_kafka_offset': 0}
2026-06-12 09:48:38 | INFO | C05 | subtotal=179.97
2026-06-12 09:48:38 | INFO | C05 | tax=14.85
2026-06-12 09:48:38 | INFO | C05 | total=194.82
2026-06-12 09:48:38 | INFO | C05 | running_total=194.82
2026-06-12 09:48:39 | INFO | C05 | Wrote valid record to DuckDB:
2026-06-12 09:48:39 | INFO | C05 |   order=e7324981-a9f0-419f-b708-d0a333451fff
2026-06-12 09:48:39 | INFO | C05 | MESSAGE ACCEPTED
2026-06-12 09:48:39 | INFO | C05 | order=e7324981-a9f0-419f-b708-d0a333451fff
2026-06-12 09:48:39 | INFO | C05 | total=$194.82
2026-06-12 09:48:39 | INFO | C05 | consumed=1
2026-06-12 09:48:39 | INFO | C05 | RUNNING STATS
2026-06-12 09:48:39 | INFO | C05 | total_sales=$194.82
2026-06-12 09:48:39 | INFO | C05 | average=$194.82
2026-06-12 09:48:39 | INFO | C05 | min=$194.82
2026-06-12 09:48:39 | INFO | C05 | max=$194.82
2026-06-12 09:48:39 | INFO | C05 | {'currency_code': 'USD', 'customer_id': 'CUST-1106', 'customer_note': 'Gift for my team', 'datetime': '2026-05-04T08:23:00Z', 'device_type': 'mobile', 'discount_code': '', 'is_new_customer': 'false', 'is_online': 'true', 'order_id': 'd61943e0-f543-4b5f-9c9a-18605ea4cfe5', 'payment_method': 'paypal', 'product_id': 'PY-DATA-002', 'quantity': '1', 'referral_source': 'paid_search', 'region_id': 'US-TX', 'unit_price': '49.99', '_kafka_key': 'US-TX', '_kafka_partition': 0, '_kafka_offset': 1}
2026-06-12 09:48:39 | INFO | C05 | subtotal=49.99
2026-06-12 09:48:39 | INFO | C05 | tax=4.12
2026-06-12 09:48:39 | INFO | C05 | total=54.11
2026-06-12 09:48:39 | INFO | C05 | running_total=248.93
2026-06-12 09:48:39 | INFO | C05 | Wrote valid record to DuckDB:
2026-06-12 09:48:39 | INFO | C05 |   order=d61943e0-f543-4b5f-9c9a-18605ea4cfe5
2026-06-12 09:48:39 | INFO | C05 | MESSAGE ACCEPTED
2026-06-12 09:48:39 | INFO | C05 | order=d61943e0-f543-4b5f-9c9a-18605ea4cfe5
2026-06-12 09:48:39 | INFO | C05 | total=$54.11
2026-06-12 09:48:39 | INFO | C05 | consumed=2
2026-06-12 09:48:39 | INFO | C05 | RUNNING STATS
2026-06-12 09:48:39 | INFO | C05 | total_sales=$248.93
2026-06-12 09:48:39 | INFO | C05 | average=$124.47
2026-06-12 09:48:39 | INFO | C05 | min=$54.11
2026-06-12 09:48:39 | INFO | C05 | max=$194.82
2026-06-12 09:48:39 | INFO | C05 | {'currency_code': 'CAD', 'customer_id': 'CUST-2133', 'customer_note': 'Learning at my own pace', 'datetime': '2026-05-04T08:28:00Z', 'device_type': 'desktop', 'discount_code': '', 'is_new_customer': 'false', 'is_online': 'true', 'order_id': '14da1915-8e74-47be-9e10-f7275d31af46', 'payment_method': 'paypal', 'product_id': 'PY-NLP-006', 'quantity': '1', 'referral_source': 'organic', 'region_id': 'CA-QC', 'unit_price': '54.99', '_kafka_key': 'CA-QC', '_kafka_partition': 0, '_kafka_offset': 2}
2026-06-12 09:48:39 | INFO | C05 | subtotal=54.99
2026-06-12 09:48:39 | INFO | C05 | tax=8.23
2026-06-12 09:48:39 | INFO | C05 | total=63.22
2026-06-12 09:48:39 | INFO | C05 | running_total=312.15
2026-06-12 09:48:39 | INFO | C05 | Wrote valid record to DuckDB:
2026-06-12 09:48:39 | INFO | C05 |   order=14da1915-8e74-47be-9e10-f7275d31af46
2026-06-12 09:48:39 | INFO | C05 | MESSAGE ACCEPTED
2026-06-12 09:48:39 | INFO | C05 | order=14da1915-8e74-47be-9e10-f7275d31af46
2026-06-12 09:48:39 | INFO | C05 | total=$63.22
2026-06-12 09:48:39 | INFO | C05 | consumed=3
2026-06-12 09:48:39 | INFO | C05 | RUNNING STATS
2026-06-12 09:48:39 | INFO | C05 | total_sales=$312.15
2026-06-12 09:48:39 | INFO | C05 | average=$104.05
2026-06-12 09:48:39 | INFO | C05 | min=$54.11
2026-06-12 09:48:39 | INFO | C05 | max=$194.82
2026-06-12 09:48:49 | INFO | C05 | No message received within 10.0s timeout.
2026-06-12 09:48:49 | INFO | C05 | Producer finished or paused. Stopping consumer.
2026-06-12 09:48:49 | INFO | C05 | Kafka consumer closed.
2026-06-12 09:48:49 | INFO | C05 | Saving artifacts...
2026-06-12 09:48:49 | INFO | C05 | WROTE OUTPUT_CSV = data\output\consumed_sales_foster.csv
2026-06-12 09:48:49 | INFO | C05 | WROTE OUTPUT_DB = data\output\sales.duckdb
2026-06-12 09:48:49 | INFO | C05 | ========================
2026-06-12 09:48:49 | INFO | C05 | SECTION E. Exit
2026-06-12 09:48:49 | INFO | C05 | ========================
2026-06-12 09:48:49 | INFO | C05 | Summary:
2026-06-12 09:48:49 | INFO | C05 | Consumed 3 message(s) from topic 'streaming-05-storage-case'.
2026-06-12 09:48:49 | INFO | C05 | Skipped  0 message(s).
2026-06-12 09:48:49 | INFO | C05 | OUTPUT_CSV = data\output\consumed_sales_foster.csv
2026-06-12 09:48:49 | INFO | C05 |   Total sales:  $312.15
2026-06-12 09:48:49 | INFO | C05 |   Average sale: $104.05
2026-06-12 09:48:49 | INFO | C05 |   Minimum sale: $54.11
2026-06-12 09:48:49 | INFO | C05 |   Maximum sale: $194.82
2026-06-12 09:48:49 | INFO | C05 | ========================
2026-06-12 09:48:49 | INFO | C05 | Consumer executed successfully!
2026-06-12 09:48:49 | INFO | C05 | ========================
2026-06-12 09:52:29 | INFO | A02 | === RUN START ===
2026-06-12 09:52:29 | INFO | A02 | project=A02
2026-06-12 09:52:29 | INFO | A02 | repo_dir=streaming-05-storage
2026-06-12 09:52:29 | INFO | A02 | python=3.14.3
2026-06-12 09:52:29 | INFO | A02 | os=Windows 11
2026-06-12 09:52:29 | INFO | A02 | shell=powershell
2026-06-12 09:52:29 | INFO | A02 | cwd=.
2026-06-12 09:52:29 | INFO | A02 | github_actions=False
2026-06-12 09:52:29 | INFO | A02 | ========================
2026-06-12 09:52:29 | INFO | A02 | START admin main()
2026-06-12 09:52:29 | INFO | A02 | ========================
2026-06-12 09:52:29 | INFO | A02 | KAFKA_BOOTSTRAP_SERVERS = localhost:9092
2026-06-12 09:52:29 | INFO | A02 | KAFKA_TOPIC             = streaming-05-storage-case
2026-06-12 09:52:29 | INFO | A02 | KAFKA_GROUP_ID          = streaming-consumer-group-A
2026-06-12 09:52:29 | INFO | A02 | KAFKA_AUTO_OFFSET_RESET = earliest
2026-06-12 09:52:29 | INFO | A02 | MESSAGE_INTERVAL_SECONDS = 1.0
2026-06-12 09:52:29 | INFO | A02 | MESSAGE_COUNT           = 6
2026-06-12 09:52:29 | INFO | A02 | Verifying Kafka connection...
2026-06-12 09:52:29 | INFO | A02 | Kafka port is reachable.
2026-06-12 09:52:29 | INFO | A02 | Topics currently in Kafka: ['__consumer_offsets', 'streaming-05-storage-case']
2026-06-12 09:52:29 | INFO | A02 | Deleting topic 'streaming-05-storage-case' ...
2026-06-12 09:52:29 | INFO | A02 | Topic 'streaming-05-storage-case' deleted. All messages removed.
2026-06-12 09:52:29 | INFO | A02 | Creating topic 'streaming-05-storage-case' ...
2026-06-12 09:52:29 | INFO | A02 | Topic 'streaming-05-storage-case' created successfully.
2026-06-12 09:52:29 | INFO | A02 | Topics currently in Kafka: ['__consumer_offsets', 'streaming-05-storage-case']
2026-06-12 09:52:29 | INFO | A02 | ========================
2026-06-12 09:52:29 | INFO | A02 | Admin executed successfully!
2026-06-12 09:52:29 | INFO | A02 | ========================
2026-06-12 09:52:38 | DEBUG | P03 | KAFKA_BOOTSTRAP_SERVERS           = localhost:9092
2026-06-12 09:52:38 | DEBUG | P03 | KAFKA_BROKER_ADDRESS_FAMILY       = v6
2026-06-12 09:52:38 | DEBUG | P03 | KAFKA_TOPIC                       = streaming-05-storage-case
2026-06-12 09:52:38 | DEBUG | P03 | KAFKA_CLEAR_TOPIC_ON_START        = true
2026-06-12 09:52:38 | DEBUG | P03 | PRODUCER_MESSAGE_COUNT            = 3
2026-06-12 09:52:38 | DEBUG | P03 | PRODUCER_MESSAGE_INTERVAL_SECONDS = 2
2026-06-12 09:52:38 | DEBUG | P03 | PRODUCER_MAX_MESSAGES             = 50
2026-06-12 09:52:38 | DEBUG | P03 | PRODUCER_POLL_INTERVAL_SECONDS    = 15
2026-06-12 09:52:38 | DEBUG | P03 | KAFKA_GROUP_ID                    = streaming-consumer-group-A
2026-06-12 09:52:38 | DEBUG | P03 | KAFKA_AUTO_OFFSET_RESET           = earliest
2026-06-12 09:52:38 | DEBUG | P03 | CONSUMER_TIMEOUT_SECONDS          = 10
2026-06-12 09:52:38 | DEBUG | P03 | CONSUMER_MAX_MESSAGES             = 1000
2026-06-12 09:52:38 | INFO | P03 | === RUN START ===
2026-06-12 09:52:38 | INFO | P03 | project=P03
2026-06-12 09:52:38 | INFO | P03 | repo_dir=streaming-05-storage
2026-06-12 09:52:38 | INFO | P03 | python=3.14.3
2026-06-12 09:52:38 | INFO | P03 | os=Windows 11
2026-06-12 09:52:38 | INFO | P03 | shell=powershell
2026-06-12 09:52:38 | INFO | P03 | cwd=.
2026-06-12 09:52:38 | INFO | P03 | github_actions=False
2026-06-12 09:52:38 | INFO | P03 | ========================
2026-06-12 09:52:38 | INFO | P03 | START producer main()
2026-06-12 09:52:38 | INFO | P03 | ========================
2026-06-12 09:52:38 | INFO | P03 | ROOT_DIR = .
2026-06-12 09:52:38 | INFO | P03 | DATA_DIR = data
2026-06-12 09:52:38 | INFO | P03 | SALES_CSV = data\sales.csv
2026-06-12 09:52:38 | INFO | P03 | REGIONS_CSV = data\regions.csv
2026-06-12 09:52:38 | INFO | P03 | PRODUCTS_CSV = data\products.csv
2026-06-12 09:52:38 | INFO | P03 | REJECTED_SALES_CSV = data\output\producer_rejected_sales.csv
2026-06-12 09:52:38 | INFO | P03 | ========================
2026-06-12 09:52:38 | INFO | P03 | SECTION A. Acquire
2026-06-12 09:52:38 | INFO | P03 | ========================
2026-06-12 09:52:38 | INFO | P03 | Loading settings from .env...
2026-06-12 09:52:38 | INFO | P03 | KAFKA_BOOTSTRAP_SERVERS           = localhost:9092
2026-06-12 09:52:38 | INFO | P03 | KAFKA_TOPIC                       = streaming-05-storage-case
2026-06-12 09:52:38 | INFO | P03 | PRODUCER_MESSAGE_COUNT            = 3
2026-06-12 09:52:38 | INFO | P03 | PRODUCER_MESSAGE_INTERVAL_SECONDS = 2.0
2026-06-12 09:52:38 | INFO | P03 | KAFKA_CLEAR_TOPIC_ON_START        = True
2026-06-12 09:52:38 | INFO | P03 | Verifying Kafka connection...
2026-06-12 09:52:38 | INFO | P03 | Kafka port is reachable.
2026-06-12 09:52:49 | INFO | P03 | Loading validation reference data...
2026-06-12 09:52:49 | INFO | P03 | Found 6 valid regions, 6 valid products.
2026-06-12 09:52:49 | INFO | P03 | ========================
2026-06-12 09:52:49 | INFO | P03 | SECTION P. Produce Messages
2026-06-12 09:52:49 | INFO | P03 | ========================
2026-06-12 09:52:49 | INFO | P03 | Initializing output...
2026-06-12 09:52:49 | INFO | P03 | Output directory ready: output
2026-06-12 09:52:49 | INFO | P03 | Sending messages...
2026-06-12 09:52:49 | INFO | P03 | Sending up to 3 message(s) to topic 'streaming-05-storage-case'.
2026-06-12 09:52:49 | INFO | P03 | Watch each sale arrive. Press CTRL+C to stop early.

2026-06-12 09:52:49 | INFO | P03 | {
  order_id: e7324981-a9f0-419f-b708-d0a333451fff
  datetime: 2026-05-04T08:11:00Z
  region_id: US-TX
  currency_code: USD
  product_id: PY-STREAM-005
  unit_price: 59.99
  quantity: 3
  is_online: true
  customer_id: CUST-4150
  is_new_customer: false
  device_type: tablet
  payment_method: paypal
  referral_source: paid_search
  discount_code: 
  customer_note: Gift for my team
}
2026-06-12 09:52:49 | INFO | P03 |   Sending message with key=US-TX
2026-06-12 09:52:49 | INFO | P03 |   MESSAGE SENT  sent=1
2026-06-12 09:52:51 | INFO | P03 | {
  order_id: d61943e0-f543-4b5f-9c9a-18605ea4cfe5
  datetime: 2026-05-04T08:23:00Z
  region_id: US-TX
  currency_code: USD
  product_id: PY-DATA-002
  unit_price: 49.99
  quantity: 1
  is_online: true
  customer_id: CUST-1106
  is_new_customer: false
  device_type: mobile
  payment_method: paypal
  referral_source: paid_search
  discount_code: 
  customer_note: Gift for my team
}
2026-06-12 09:52:51 | INFO | P03 |   Sending message with key=US-TX
2026-06-12 09:52:51 | INFO | P03 |   MESSAGE SENT  sent=2
2026-06-12 09:52:53 | INFO | P03 | {
  order_id: 14da1915-8e74-47be-9e10-f7275d31af46
  datetime: 2026-05-04T08:28:00Z
  region_id: CA-QC
  currency_code: CAD
  product_id: PY-NLP-006
  unit_price: 54.99
  quantity: 1
  is_online: true
  customer_id: CUST-2133
  is_new_customer: false
  device_type: desktop
  payment_method: paypal
  referral_source: organic
  discount_code: 
  customer_note: Learning at my own pace
}
2026-06-12 09:52:53 | INFO | P03 |   Sending message with key=CA-QC
2026-06-12 09:52:53 | INFO | P03 |   MESSAGE SENT  sent=3
2026-06-12 09:52:55 | INFO | P03 | Checking for rejected records...
2026-06-12 09:52:55 | INFO | P03 |   No records rejected.
2026-06-12 09:52:55 | INFO | P03 | ========================
2026-06-12 09:52:55 | INFO | P03 | SECTION E. Exit
2026-06-12 09:52:55 | INFO | P03 | ========================
2026-06-12 09:52:55 | INFO | P03 | Summary:
2026-06-12 09:52:55 | INFO | P03 | Sent 3 message(s) to topic 'streaming-05-storage-case'.
2026-06-12 09:52:55 | INFO | P03 | Rejected 0 message(s).
2026-06-12 09:52:55 | INFO | P03 | ========================
2026-06-12 09:52:55 | INFO | P03 | Producer executed successfully!
2026-06-12 09:52:55 | INFO | P03 | ========================
2026-06-12 09:52:59 | DEBUG | C05 | KAFKA_BOOTSTRAP_SERVERS           = localhost:9092
2026-06-12 09:52:59 | DEBUG | C05 | KAFKA_BROKER_ADDRESS_FAMILY       = v6
2026-06-12 09:52:59 | DEBUG | C05 | KAFKA_TOPIC                       = streaming-05-storage-case
2026-06-12 09:52:59 | DEBUG | C05 | KAFKA_CLEAR_TOPIC_ON_START        = true
2026-06-12 09:52:59 | DEBUG | C05 | PRODUCER_MESSAGE_COUNT            = 3
2026-06-12 09:52:59 | DEBUG | C05 | PRODUCER_MESSAGE_INTERVAL_SECONDS = 2
2026-06-12 09:52:59 | DEBUG | C05 | PRODUCER_MAX_MESSAGES             = 50
2026-06-12 09:52:59 | DEBUG | C05 | PRODUCER_POLL_INTERVAL_SECONDS    = 15
2026-06-12 09:52:59 | DEBUG | C05 | KAFKA_GROUP_ID                    = streaming-consumer-group-A
2026-06-12 09:52:59 | DEBUG | C05 | KAFKA_AUTO_OFFSET_RESET           = earliest
2026-06-12 09:52:59 | DEBUG | C05 | CONSUMER_TIMEOUT_SECONDS          = 10
2026-06-12 09:52:59 | DEBUG | C05 | CONSUMER_MAX_MESSAGES             = 1000
2026-06-12 09:52:59 | INFO | C05 | === RUN START ===
2026-06-12 09:52:59 | INFO | C05 | project=C05
2026-06-12 09:52:59 | INFO | C05 | repo_dir=streaming-05-storage
2026-06-12 09:52:59 | INFO | C05 | python=3.14.3
2026-06-12 09:52:59 | INFO | C05 | os=Windows 11
2026-06-12 09:52:59 | INFO | C05 | shell=powershell
2026-06-12 09:52:59 | INFO | C05 | cwd=.
2026-06-12 09:52:59 | INFO | C05 | github_actions=False
2026-06-12 09:52:59 | INFO | C05 | ========================
2026-06-12 09:52:59 | INFO | C05 | START consumer main()
2026-06-12 09:52:59 | INFO | C05 | ========================
2026-06-12 09:52:59 | INFO | C05 | ROOT_DIR = .
2026-06-12 09:52:59 | INFO | C05 | DATA_DIR = data
2026-06-12 09:52:59 | INFO | C05 | OUTPUT_CSV = data\output\consumed_sales_foster.csv
2026-06-12 09:52:59 | INFO | C05 | OUTPUT_DB = data\output\sales.duckdb
2026-06-12 09:52:59 | INFO | C05 | REGIONS_CSV = data\regions.csv
2026-06-12 09:52:59 | INFO | C05 | PRODUCTS_CSV = data\products.csv
2026-06-12 09:52:59 | INFO | C05 | CURRENCIES_CSV = data\currencies.csv
2026-06-12 09:52:59 | INFO | C05 | DISCOUNT_CODES_CSV = data\discount_codes.csv
2026-06-12 09:52:59 | INFO | C05 | ========================
2026-06-12 09:52:59 | INFO | C05 | SECTION A. Acquire
2026-06-12 09:52:59 | INFO | C05 | ========================
2026-06-12 09:52:59 | INFO | C05 | Loading settings from .env...
2026-06-12 09:52:59 | INFO | C05 | KAFKA_BOOTSTRAP_SERVERS  = localhost:9092
2026-06-12 09:52:59 | INFO | C05 | KAFKA_TOPIC              = streaming-05-storage-case
2026-06-12 09:52:59 | INFO | C05 | KAFKA_GROUP_ID           = streaming-consumer-group-A
2026-06-12 09:52:59 | INFO | C05 | CONSUMER_TIMEOUT_SECONDS = 10.0
2026-06-12 09:52:59 | INFO | C05 | CONSUMER_MAX_MESSAGES    = 1000
2026-06-12 09:52:59 | INFO | C05 | Verifying Kafka connection...
2026-06-12 09:52:59 | INFO | C05 | Kafka port is reachable.
2026-06-12 09:52:59 | INFO | C05 | Verifying Kafka topic...
2026-06-12 09:53:01 | INFO | C05 | Topic 'streaming-05-storage-case' exists.
2026-06-12 09:53:01 | INFO | C05 | Found 3 message(s) available.
2026-06-12 09:53:01 | INFO | C05 | Creating Kafka consumer...
2026-06-12 09:53:01 | INFO | C05 | Subscribed to topic: 'streaming-05-storage-case' (reading from beginning)
2026-06-12 09:53:01 | INFO | C05 | ========================
2026-06-12 09:53:01 | INFO | C05 | SECTION C. Consume and Process Messages
2026-06-12 09:53:01 | INFO | C05 | ========================
2026-06-12 09:53:01 | INFO | C05 | Initializing output...
2026-06-12 09:53:01 | INFO | C05 | Output CSV cleared: consumed_sales_foster.csv
2026-06-12 09:53:01 | INFO | C05 | Database initialized: sales.duckdb
2026-06-12 09:53:01 | INFO | C05 | Loading enrichment reference data...
2026-06-12 09:53:01 | INFO | C05 | Found 6 region tax rates.
2026-06-12 09:53:01 | INFO | C05 | Found 3 currency exchange rates.
2026-06-12 09:53:01 | INFO | C05 | Consuming messages...
2026-06-12 09:53:01 | INFO | C05 | Waiting for up to 1000 message(s).
2026-06-12 09:53:01 | INFO | C05 | Press CTRL+C to stop early.

2026-06-12 09:53:04 | INFO | C05 | {'currency_code': 'USD', 'customer_id': 'CUST-4150', 'customer_note': 'Gift for my team', 'datetime': '2026-05-04T08:11:00Z', 'device_type': 'tablet', 'discount_code': '', 'is_new_customer': 'false', 'is_online': 'true', 'order_id': 'e7324981-a9f0-419f-b708-d0a333451fff', 'payment_method': 'paypal', 'product_id': 'PY-STREAM-005', 'quantity': '3', 'referral_source': 'paid_search', 'region_id': 'US-TX', 'unit_price': '59.99', '_kafka_key': 'US-TX', '_kafka_partition': 0, '_kafka_offset': 0}
2026-06-12 09:53:04 | INFO | C05 | subtotal=179.97
2026-06-12 09:53:04 | INFO | C05 | tax=14.85
2026-06-12 09:53:04 | INFO | C05 | total=194.82
2026-06-12 09:53:04 | INFO | C05 | running_total=194.82
2026-06-12 09:53:04 | INFO | C05 | Wrote valid record to DuckDB:
2026-06-12 09:53:04 | INFO | C05 |   order=e7324981-a9f0-419f-b708-d0a333451fff
2026-06-12 09:53:04 | INFO | C05 | MESSAGE ACCEPTED
2026-06-12 09:53:04 | INFO | C05 | order=e7324981-a9f0-419f-b708-d0a333451fff
2026-06-12 09:53:04 | INFO | C05 | total=$194.82
2026-06-12 09:53:04 | INFO | C05 | consumed=1
2026-06-12 09:53:04 | INFO | C05 | RUNNING STATS
2026-06-12 09:53:04 | INFO | C05 | total_sales=$194.82
2026-06-12 09:53:04 | INFO | C05 | average=$194.82
2026-06-12 09:53:04 | INFO | C05 | min=$194.82
2026-06-12 09:53:04 | INFO | C05 | max=$194.82
2026-06-12 09:53:04 | INFO | C05 | {'currency_code': 'USD', 'customer_id': 'CUST-1106', 'customer_note': 'Gift for my team', 'datetime': '2026-05-04T08:23:00Z', 'device_type': 'mobile', 'discount_code': '', 'is_new_customer': 'false', 'is_online': 'true', 'order_id': 'd61943e0-f543-4b5f-9c9a-18605ea4cfe5', 'payment_method': 'paypal', 'product_id': 'PY-DATA-002', 'quantity': '1', 'referral_source': 'paid_search', 'region_id': 'US-TX', 'unit_price': '49.99', '_kafka_key': 'US-TX', '_kafka_partition': 0, '_kafka_offset': 1}
2026-06-12 09:53:04 | INFO | C05 | subtotal=49.99
2026-06-12 09:53:04 | INFO | C05 | tax=4.12
2026-06-12 09:53:04 | INFO | C05 | total=54.11
2026-06-12 09:53:04 | INFO | C05 | running_total=248.93
2026-06-12 09:53:04 | INFO | C05 | Wrote valid record to DuckDB:
2026-06-12 09:53:04 | INFO | C05 |   order=d61943e0-f543-4b5f-9c9a-18605ea4cfe5
2026-06-12 09:53:04 | INFO | C05 | MESSAGE ACCEPTED
2026-06-12 09:53:04 | INFO | C05 | order=d61943e0-f543-4b5f-9c9a-18605ea4cfe5
2026-06-12 09:53:04 | INFO | C05 | total=$54.11
2026-06-12 09:53:04 | INFO | C05 | consumed=2
2026-06-12 09:53:04 | INFO | C05 | RUNNING STATS
2026-06-12 09:53:04 | INFO | C05 | total_sales=$248.93
2026-06-12 09:53:04 | INFO | C05 | average=$124.47
2026-06-12 09:53:04 | INFO | C05 | min=$54.11
2026-06-12 09:53:04 | INFO | C05 | max=$194.82
2026-06-12 09:53:04 | INFO | C05 | {'currency_code': 'CAD', 'customer_id': 'CUST-2133', 'customer_note': 'Learning at my own pace', 'datetime': '2026-05-04T08:28:00Z', 'device_type': 'desktop', 'discount_code': '', 'is_new_customer': 'false', 'is_online': 'true', 'order_id': '14da1915-8e74-47be-9e10-f7275d31af46', 'payment_method': 'paypal', 'product_id': 'PY-NLP-006', 'quantity': '1', 'referral_source': 'organic', 'region_id': 'CA-QC', 'unit_price': '54.99', '_kafka_key': 'CA-QC', '_kafka_partition': 0, '_kafka_offset': 2}
2026-06-12 09:53:04 | INFO | C05 | subtotal=54.99
2026-06-12 09:53:04 | INFO | C05 | tax=8.23
2026-06-12 09:53:04 | INFO | C05 | total=63.22
2026-06-12 09:53:04 | INFO | C05 | running_total=312.15
2026-06-12 09:53:04 | INFO | C05 | Wrote valid record to DuckDB:
2026-06-12 09:53:04 | INFO | C05 |   order=14da1915-8e74-47be-9e10-f7275d31af46
2026-06-12 09:53:04 | INFO | C05 | MESSAGE ACCEPTED
2026-06-12 09:53:04 | INFO | C05 | order=14da1915-8e74-47be-9e10-f7275d31af46
2026-06-12 09:53:04 | INFO | C05 | total=$63.22
2026-06-12 09:53:04 | INFO | C05 | consumed=3
2026-06-12 09:53:04 | INFO | C05 | RUNNING STATS
2026-06-12 09:53:04 | INFO | C05 | total_sales=$312.15
2026-06-12 09:53:04 | INFO | C05 | average=$104.05
2026-06-12 09:53:04 | INFO | C05 | min=$54.11
2026-06-12 09:53:04 | INFO | C05 | max=$194.82
2026-06-12 09:53:15 | INFO | C05 | No message received within 10.0s timeout.
2026-06-12 09:53:15 | INFO | C05 | Producer finished or paused. Stopping consumer.
2026-06-12 09:53:15 | INFO | C05 | Kafka consumer closed.
2026-06-12 09:53:15 | INFO | C05 | Saving artifacts...
2026-06-12 09:53:15 | INFO | C05 | WROTE OUTPUT_CSV = data\output\consumed_sales_foster.csv
2026-06-12 09:53:15 | INFO | C05 | WROTE OUTPUT_DB = data\output\sales.duckdb
2026-06-12 09:53:15 | INFO | C05 | ========================
2026-06-12 09:53:15 | INFO | C05 | SECTION E. Exit
2026-06-12 09:53:15 | INFO | C05 | ========================
2026-06-12 09:53:15 | INFO | C05 | Summary:
2026-06-12 09:53:15 | INFO | C05 | Consumed 3 message(s) from topic 'streaming-05-storage-case'.
2026-06-12 09:53:15 | INFO | C05 | Skipped  0 message(s).
2026-06-12 09:53:15 | INFO | C05 | OUTPUT_CSV = data\output\consumed_sales_foster.csv
2026-06-12 09:53:15 | INFO | C05 |   Total sales:  $312.15
2026-06-12 09:53:15 | INFO | C05 |   Average sale: $104.05
2026-06-12 09:53:15 | INFO | C05 |   Minimum sale: $54.11
2026-06-12 09:53:15 | INFO | C05 |   Maximum sale: $194.82
2026-06-12 09:53:15 | INFO | C05 | ========================
2026-06-12 09:53:15 | INFO | C05 | Consumer executed successfully!
2026-06-12 09:53:15 | INFO | C05 | ========================
2026-06-12 09:56:45 | INFO | A02 | === RUN START ===
2026-06-12 09:56:45 | INFO | A02 | project=A02
2026-06-12 09:56:45 | INFO | A02 | repo_dir=streaming-05-storage
2026-06-12 09:56:45 | INFO | A02 | python=3.14.3
2026-06-12 09:56:45 | INFO | A02 | os=Windows 11
2026-06-12 09:56:45 | INFO | A02 | shell=powershell
2026-06-12 09:56:45 | INFO | A02 | cwd=.
2026-06-12 09:56:45 | INFO | A02 | github_actions=False
2026-06-12 09:56:45 | INFO | A02 | ========================
2026-06-12 09:56:45 | INFO | A02 | START admin main()
2026-06-12 09:56:45 | INFO | A02 | ========================
2026-06-12 09:56:45 | INFO | A02 | KAFKA_BOOTSTRAP_SERVERS = localhost:9092
2026-06-12 09:56:45 | INFO | A02 | KAFKA_TOPIC             = streaming-05-storage-case
2026-06-12 09:56:45 | INFO | A02 | KAFKA_GROUP_ID          = streaming-consumer-group-A
2026-06-12 09:56:45 | INFO | A02 | KAFKA_AUTO_OFFSET_RESET = earliest
2026-06-12 09:56:45 | INFO | A02 | MESSAGE_INTERVAL_SECONDS = 1.0
2026-06-12 09:56:45 | INFO | A02 | MESSAGE_COUNT           = 6
2026-06-12 09:56:45 | INFO | A02 | Verifying Kafka connection...
2026-06-12 09:56:45 | INFO | A02 | Kafka port is reachable.
2026-06-12 09:56:47 | INFO | A02 | Topics currently in Kafka: ['__consumer_offsets', 'streaming-05-storage-case']
2026-06-12 09:56:47 | INFO | A02 | Deleting topic 'streaming-05-storage-case' ...
2026-06-12 09:56:47 | INFO | A02 | Topic 'streaming-05-storage-case' deleted. All messages removed.
2026-06-12 09:56:47 | INFO | A02 | Creating topic 'streaming-05-storage-case' ...
2026-06-12 09:56:47 | INFO | A02 | Topic 'streaming-05-storage-case' created successfully.
2026-06-12 09:56:47 | INFO | A02 | Topics currently in Kafka: ['__consumer_offsets', 'streaming-05-storage-case']
2026-06-12 09:56:47 | INFO | A02 | ========================
2026-06-12 09:56:47 | INFO | A02 | Admin executed successfully!
2026-06-12 09:56:47 | INFO | A02 | ========================
2026-06-12 09:56:54 | DEBUG | P03 | KAFKA_BOOTSTRAP_SERVERS           = localhost:9092
2026-06-12 09:56:54 | DEBUG | P03 | KAFKA_BROKER_ADDRESS_FAMILY       = v6
2026-06-12 09:56:54 | DEBUG | P03 | KAFKA_TOPIC                       = streaming-05-storage-case
2026-06-12 09:56:54 | DEBUG | P03 | KAFKA_CLEAR_TOPIC_ON_START        = true
2026-06-12 09:56:54 | DEBUG | P03 | PRODUCER_MESSAGE_COUNT            = 3
2026-06-12 09:56:54 | DEBUG | P03 | PRODUCER_MESSAGE_INTERVAL_SECONDS = 2
2026-06-12 09:56:54 | DEBUG | P03 | PRODUCER_MAX_MESSAGES             = 50
2026-06-12 09:56:54 | DEBUG | P03 | PRODUCER_POLL_INTERVAL_SECONDS    = 15
2026-06-12 09:56:54 | DEBUG | P03 | KAFKA_GROUP_ID                    = streaming-consumer-group-A
2026-06-12 09:56:54 | DEBUG | P03 | KAFKA_AUTO_OFFSET_RESET           = earliest
2026-06-12 09:56:54 | DEBUG | P03 | CONSUMER_TIMEOUT_SECONDS          = 10
2026-06-12 09:56:54 | DEBUG | P03 | CONSUMER_MAX_MESSAGES             = 1000
2026-06-12 09:56:54 | INFO | P03 | === RUN START ===
2026-06-12 09:56:54 | INFO | P03 | project=P03
2026-06-12 09:56:54 | INFO | P03 | repo_dir=streaming-05-storage
2026-06-12 09:56:54 | INFO | P03 | python=3.14.3
2026-06-12 09:56:54 | INFO | P03 | os=Windows 11
2026-06-12 09:56:54 | INFO | P03 | shell=powershell
2026-06-12 09:56:54 | INFO | P03 | cwd=.
2026-06-12 09:56:54 | INFO | P03 | github_actions=False
2026-06-12 09:56:54 | INFO | P03 | ========================
2026-06-12 09:56:54 | INFO | P03 | START producer main()
2026-06-12 09:56:54 | INFO | P03 | ========================
2026-06-12 09:56:54 | INFO | P03 | ROOT_DIR = .
2026-06-12 09:56:54 | INFO | P03 | DATA_DIR = data
2026-06-12 09:56:54 | INFO | P03 | SALES_CSV = data\sales.csv
2026-06-12 09:56:54 | INFO | P03 | REGIONS_CSV = data\regions.csv
2026-06-12 09:56:54 | INFO | P03 | PRODUCTS_CSV = data\products.csv
2026-06-12 09:56:54 | INFO | P03 | REJECTED_SALES_CSV = data\output\producer_rejected_sales.csv
2026-06-12 09:56:54 | INFO | P03 | ========================
2026-06-12 09:56:54 | INFO | P03 | SECTION A. Acquire
2026-06-12 09:56:54 | INFO | P03 | ========================
2026-06-12 09:56:54 | INFO | P03 | Loading settings from .env...
2026-06-12 09:56:54 | INFO | P03 | KAFKA_BOOTSTRAP_SERVERS           = localhost:9092
2026-06-12 09:56:54 | INFO | P03 | KAFKA_TOPIC                       = streaming-05-storage-case
2026-06-12 09:56:54 | INFO | P03 | PRODUCER_MESSAGE_COUNT            = 3
2026-06-12 09:56:54 | INFO | P03 | PRODUCER_MESSAGE_INTERVAL_SECONDS = 2.0
2026-06-12 09:56:54 | INFO | P03 | KAFKA_CLEAR_TOPIC_ON_START        = True
2026-06-12 09:56:54 | INFO | P03 | Verifying Kafka connection...
2026-06-12 09:56:54 | INFO | P03 | Kafka port is reachable.
2026-06-12 09:56:58 | INFO | P03 | Loading validation reference data...
2026-06-12 09:56:58 | INFO | P03 | Found 6 valid regions, 6 valid products.
2026-06-12 09:56:58 | INFO | P03 | ========================
2026-06-12 09:56:58 | INFO | P03 | SECTION P. Produce Messages
2026-06-12 09:56:58 | INFO | P03 | ========================
2026-06-12 09:56:58 | INFO | P03 | Initializing output...
2026-06-12 09:56:58 | INFO | P03 | Output directory ready: output
2026-06-12 09:56:58 | INFO | P03 | Sending messages...
2026-06-12 09:56:58 | INFO | P03 | Sending up to 3 message(s) to topic 'streaming-05-storage-case'.
2026-06-12 09:56:58 | INFO | P03 | Watch each sale arrive. Press CTRL+C to stop early.

2026-06-12 09:56:58 | INFO | P03 | {
  order_id: e7324981-a9f0-419f-b708-d0a333451fff
  datetime: 2026-05-04T08:11:00Z
  region_id: US-TX
  currency_code: USD
  product_id: PY-STREAM-005
  unit_price: 59.99
  quantity: 3
  is_online: true
  customer_id: CUST-4150
  is_new_customer: false
  device_type: tablet
  payment_method: paypal
  referral_source: paid_search
  discount_code: 
  customer_note: Gift for my team
}
2026-06-12 09:56:58 | INFO | P03 |   Sending message with key=US-TX
2026-06-12 09:56:58 | INFO | P03 |   MESSAGE SENT  sent=1
2026-06-12 09:57:00 | INFO | P03 | {
  order_id: d61943e0-f543-4b5f-9c9a-18605ea4cfe5
  datetime: 2026-05-04T08:23:00Z
  region_id: US-TX
  currency_code: USD
  product_id: PY-DATA-002
  unit_price: 49.99
  quantity: 1
  is_online: true
  customer_id: CUST-1106
  is_new_customer: false
  device_type: mobile
  payment_method: paypal
  referral_source: paid_search
  discount_code: 
  customer_note: Gift for my team
}
2026-06-12 09:57:00 | INFO | P03 |   Sending message with key=US-TX
2026-06-12 09:57:00 | INFO | P03 |   MESSAGE SENT  sent=2
2026-06-12 09:57:02 | INFO | P03 | {
  order_id: 14da1915-8e74-47be-9e10-f7275d31af46
  datetime: 2026-05-04T08:28:00Z
  region_id: CA-QC
  currency_code: CAD
  product_id: PY-NLP-006
  unit_price: 54.99
  quantity: 1
  is_online: true
  customer_id: CUST-2133
  is_new_customer: false
  device_type: desktop
  payment_method: paypal
  referral_source: organic
  discount_code: 
  customer_note: Learning at my own pace
}
2026-06-12 09:57:02 | INFO | P03 |   Sending message with key=CA-QC
2026-06-12 09:57:02 | INFO | P03 |   MESSAGE SENT  sent=3
2026-06-12 09:57:04 | INFO | P03 | Checking for rejected records...
2026-06-12 09:57:04 | INFO | P03 |   No records rejected.
2026-06-12 09:57:04 | INFO | P03 | ========================
2026-06-12 09:57:04 | INFO | P03 | SECTION E. Exit
2026-06-12 09:57:04 | INFO | P03 | ========================
2026-06-12 09:57:04 | INFO | P03 | Summary:
2026-06-12 09:57:04 | INFO | P03 | Sent 3 message(s) to topic 'streaming-05-storage-case'.
2026-06-12 09:57:04 | INFO | P03 | Rejected 0 message(s).
2026-06-12 09:57:04 | INFO | P03 | ========================
2026-06-12 09:57:04 | INFO | P03 | Producer executed successfully!
2026-06-12 09:57:04 | INFO | P03 | ========================
2026-06-12 09:57:07 | DEBUG | C05 | KAFKA_BOOTSTRAP_SERVERS           = localhost:9092
2026-06-12 09:57:07 | DEBUG | C05 | KAFKA_BROKER_ADDRESS_FAMILY       = v6
2026-06-12 09:57:07 | DEBUG | C05 | KAFKA_TOPIC                       = streaming-05-storage-case
2026-06-12 09:57:07 | DEBUG | C05 | KAFKA_CLEAR_TOPIC_ON_START        = true
2026-06-12 09:57:07 | DEBUG | C05 | PRODUCER_MESSAGE_COUNT            = 3
2026-06-12 09:57:07 | DEBUG | C05 | PRODUCER_MESSAGE_INTERVAL_SECONDS = 2
2026-06-12 09:57:07 | DEBUG | C05 | PRODUCER_MAX_MESSAGES             = 50
2026-06-12 09:57:07 | DEBUG | C05 | PRODUCER_POLL_INTERVAL_SECONDS    = 15
2026-06-12 09:57:07 | DEBUG | C05 | KAFKA_GROUP_ID                    = streaming-consumer-group-A
2026-06-12 09:57:07 | DEBUG | C05 | KAFKA_AUTO_OFFSET_RESET           = earliest
2026-06-12 09:57:07 | DEBUG | C05 | CONSUMER_TIMEOUT_SECONDS          = 10
2026-06-12 09:57:07 | DEBUG | C05 | CONSUMER_MAX_MESSAGES             = 1000
2026-06-12 09:57:07 | INFO | C05 | === RUN START ===
2026-06-12 09:57:07 | INFO | C05 | project=C05
2026-06-12 09:57:07 | INFO | C05 | repo_dir=streaming-05-storage
2026-06-12 09:57:07 | INFO | C05 | python=3.14.3
2026-06-12 09:57:07 | INFO | C05 | os=Windows 11
2026-06-12 09:57:07 | INFO | C05 | shell=powershell
2026-06-12 09:57:07 | INFO | C05 | cwd=.
2026-06-12 09:57:07 | INFO | C05 | github_actions=False
2026-06-12 09:57:07 | INFO | C05 | ========================
2026-06-12 09:57:07 | INFO | C05 | START consumer main()
2026-06-12 09:57:07 | INFO | C05 | ========================
2026-06-12 09:57:07 | INFO | C05 | ROOT_DIR = .
2026-06-12 09:57:07 | INFO | C05 | DATA_DIR = data
2026-06-12 09:57:07 | INFO | C05 | OUTPUT_CSV = data\output\consumed_sales_foster.csv
2026-06-12 09:57:07 | INFO | C05 | OUTPUT_DB = data\output\sales.duckdb
2026-06-12 09:57:07 | INFO | C05 | REGIONS_CSV = data\regions.csv
2026-06-12 09:57:07 | INFO | C05 | PRODUCTS_CSV = data\products.csv
2026-06-12 09:57:07 | INFO | C05 | CURRENCIES_CSV = data\currencies.csv
2026-06-12 09:57:07 | INFO | C05 | DISCOUNT_CODES_CSV = data\discount_codes.csv
2026-06-12 09:57:07 | INFO | C05 | ========================
2026-06-12 09:57:07 | INFO | C05 | SECTION A. Acquire
2026-06-12 09:57:07 | INFO | C05 | ========================
2026-06-12 09:57:07 | INFO | C05 | Loading settings from .env...
2026-06-12 09:57:07 | INFO | C05 | KAFKA_BOOTSTRAP_SERVERS  = localhost:9092
2026-06-12 09:57:07 | INFO | C05 | KAFKA_TOPIC              = streaming-05-storage-case
2026-06-12 09:57:07 | INFO | C05 | KAFKA_GROUP_ID           = streaming-consumer-group-A
2026-06-12 09:57:07 | INFO | C05 | CONSUMER_TIMEOUT_SECONDS = 10.0
2026-06-12 09:57:07 | INFO | C05 | CONSUMER_MAX_MESSAGES    = 1000
2026-06-12 09:57:07 | INFO | C05 | Verifying Kafka connection...
2026-06-12 09:57:07 | INFO | C05 | Kafka port is reachable.
2026-06-12 09:57:07 | INFO | C05 | Verifying Kafka topic...
2026-06-12 09:57:08 | INFO | C05 | Topic 'streaming-05-storage-case' exists.
2026-06-12 09:57:08 | INFO | C05 | Found 3 message(s) available.
2026-06-12 09:57:08 | INFO | C05 | Creating Kafka consumer...
2026-06-12 09:57:08 | INFO | C05 | Subscribed to topic: 'streaming-05-storage-case' (reading from beginning)
2026-06-12 09:57:08 | INFO | C05 | ========================
2026-06-12 09:57:08 | INFO | C05 | SECTION C. Consume and Process Messages
2026-06-12 09:57:08 | INFO | C05 | ========================
2026-06-12 09:57:08 | INFO | C05 | Initializing output...
2026-06-12 09:57:08 | INFO | C05 | Output CSV cleared: consumed_sales_foster.csv
2026-06-12 09:57:08 | INFO | C05 | Database initialized: sales.duckdb
2026-06-12 09:57:08 | INFO | C05 | Loading enrichment reference data...
2026-06-12 09:57:08 | INFO | C05 | Found 6 region tax rates.
2026-06-12 09:57:08 | INFO | C05 | Found 3 currency exchange rates.
2026-06-12 09:57:08 | INFO | C05 | Consuming messages...
2026-06-12 09:57:08 | INFO | C05 | Waiting for up to 1000 message(s).
2026-06-12 09:57:08 | INFO | C05 | Press CTRL+C to stop early.

2026-06-12 09:57:11 | INFO | C05 | {'currency_code': 'USD', 'customer_id': 'CUST-4150', 'customer_note': 'Gift for my team', 'datetime': '2026-05-04T08:11:00Z', 'device_type': 'tablet', 'discount_code': '', 'is_new_customer': 'false', 'is_online': 'true', 'order_id': 'e7324981-a9f0-419f-b708-d0a333451fff', 'payment_method': 'paypal', 'product_id': 'PY-STREAM-005', 'quantity': '3', 'referral_source': 'paid_search', 'region_id': 'US-TX', 'unit_price': '59.99', '_kafka_key': 'US-TX', '_kafka_partition': 0, '_kafka_offset': 0}
2026-06-12 09:57:11 | INFO | C05 | subtotal=179.97
2026-06-12 09:57:11 | INFO | C05 | tax=14.85
2026-06-12 09:57:11 | INFO | C05 | total=194.82
2026-06-12 09:57:11 | INFO | C05 | running_total=194.82
2026-06-12 09:57:11 | INFO | C05 | Wrote valid record to DuckDB:
2026-06-12 09:57:11 | INFO | C05 |   order=e7324981-a9f0-419f-b708-d0a333451fff
2026-06-12 09:57:11 | INFO | C05 | MESSAGE ACCEPTED
2026-06-12 09:57:11 | INFO | C05 | order=e7324981-a9f0-419f-b708-d0a333451fff
2026-06-12 09:57:11 | INFO | C05 | total=$194.82
2026-06-12 09:57:11 | INFO | C05 | consumed=1
2026-06-12 09:57:11 | INFO | C05 | RUNNING STATS
2026-06-12 09:57:11 | INFO | C05 | total_sales=$194.82
2026-06-12 09:57:11 | INFO | C05 | average=$194.82
2026-06-12 09:57:11 | INFO | C05 | min=$194.82
2026-06-12 09:57:11 | INFO | C05 | max=$194.82
2026-06-12 09:57:11 | INFO | C05 | {'currency_code': 'USD', 'customer_id': 'CUST-1106', 'customer_note': 'Gift for my team', 'datetime': '2026-05-04T08:23:00Z', 'device_type': 'mobile', 'discount_code': '', 'is_new_customer': 'false', 'is_online': 'true', 'order_id': 'd61943e0-f543-4b5f-9c9a-18605ea4cfe5', 'payment_method': 'paypal', 'product_id': 'PY-DATA-002', 'quantity': '1', 'referral_source': 'paid_search', 'region_id': 'US-TX', 'unit_price': '49.99', '_kafka_key': 'US-TX', '_kafka_partition': 0, '_kafka_offset': 1}
2026-06-12 09:57:11 | INFO | C05 | subtotal=49.99
2026-06-12 09:57:11 | INFO | C05 | tax=4.12
2026-06-12 09:57:11 | INFO | C05 | total=54.11
2026-06-12 09:57:11 | INFO | C05 | running_total=248.93
2026-06-12 09:57:11 | INFO | C05 | Wrote valid record to DuckDB:
2026-06-12 09:57:11 | INFO | C05 |   order=d61943e0-f543-4b5f-9c9a-18605ea4cfe5
2026-06-12 09:57:11 | INFO | C05 | MESSAGE ACCEPTED
2026-06-12 09:57:11 | INFO | C05 | order=d61943e0-f543-4b5f-9c9a-18605ea4cfe5
2026-06-12 09:57:11 | INFO | C05 | total=$54.11
2026-06-12 09:57:11 | INFO | C05 | consumed=2
2026-06-12 09:57:11 | INFO | C05 | RUNNING STATS
2026-06-12 09:57:11 | INFO | C05 | total_sales=$248.93
2026-06-12 09:57:11 | INFO | C05 | average=$124.47
2026-06-12 09:57:11 | INFO | C05 | min=$54.11
2026-06-12 09:57:11 | INFO | C05 | max=$194.82
2026-06-12 09:57:11 | INFO | C05 | {'currency_code': 'CAD', 'customer_id': 'CUST-2133', 'customer_note': 'Learning at my own pace', 'datetime': '2026-05-04T08:28:00Z', 'device_type': 'desktop', 'discount_code': '', 'is_new_customer': 'false', 'is_online': 'true', 'order_id': '14da1915-8e74-47be-9e10-f7275d31af46', 'payment_method': 'paypal', 'product_id': 'PY-NLP-006', 'quantity': '1', 'referral_source': 'organic', 'region_id': 'CA-QC', 'unit_price': '54.99', '_kafka_key': 'CA-QC', '_kafka_partition': 0, '_kafka_offset': 2}
2026-06-12 09:57:11 | INFO | C05 | subtotal=54.99
2026-06-12 09:57:11 | INFO | C05 | tax=8.23
2026-06-12 09:57:11 | INFO | C05 | total=63.22
2026-06-12 09:57:11 | INFO | C05 | running_total=312.15
2026-06-12 09:57:11 | INFO | C05 | Wrote valid record to DuckDB:
2026-06-12 09:57:11 | INFO | C05 |   order=14da1915-8e74-47be-9e10-f7275d31af46
2026-06-12 09:57:11 | INFO | C05 | MESSAGE ACCEPTED
2026-06-12 09:57:11 | INFO | C05 | order=14da1915-8e74-47be-9e10-f7275d31af46
2026-06-12 09:57:11 | INFO | C05 | total=$63.22
2026-06-12 09:57:11 | INFO | C05 | consumed=3
2026-06-12 09:57:11 | INFO | C05 | RUNNING STATS
2026-06-12 09:57:11 | INFO | C05 | total_sales=$312.15
2026-06-12 09:57:11 | INFO | C05 | average=$104.05
2026-06-12 09:57:11 | INFO | C05 | min=$54.11
2026-06-12 09:57:11 | INFO | C05 | max=$194.82
2026-06-12 09:57:21 | INFO | C05 | No message received within 10.0s timeout.
2026-06-12 09:57:21 | INFO | C05 | Producer finished or paused. Stopping consumer.
2026-06-12 09:57:21 | INFO | C05 | Kafka consumer closed.
2026-06-12 09:57:21 | INFO | C05 | Saving artifacts...
2026-06-12 09:57:21 | INFO | C05 | WROTE OUTPUT_CSV = data\output\consumed_sales_foster.csv
2026-06-12 09:57:21 | INFO | C05 | WROTE OUTPUT_DB = data\output\sales.duckdb
2026-06-12 09:57:21 | INFO | C05 | ========================
2026-06-12 09:57:21 | INFO | C05 | SECTION E. Exit
2026-06-12 09:57:21 | INFO | C05 | ========================
2026-06-12 09:57:21 | INFO | C05 | Summary:
2026-06-12 09:57:21 | INFO | C05 | Consumed 3 message(s) from topic 'streaming-05-storage-case'.
2026-06-12 09:57:21 | INFO | C05 | Skipped  0 message(s).
2026-06-12 09:57:21 | INFO | C05 | OUTPUT_CSV = data\output\consumed_sales_foster.csv
2026-06-12 09:57:21 | INFO | C05 |   Total sales:  $312.15
2026-06-12 09:57:21 | INFO | C05 |   Average sale: $104.05
2026-06-12 09:57:21 | INFO | C05 |   Minimum sale: $54.11
2026-06-12 09:57:21 | INFO | C05 |   Maximum sale: $194.82
2026-06-12 09:57:21 | INFO | C05 | ========================
2026-06-12 09:57:21 | INFO | C05 | Consumer executed successfully!
2026-06-12 09:57:21 | INFO | C05 | ========================
2026-06-12 10:45:42 | INFO | A02 | === RUN START ===
2026-06-12 10:45:42 | INFO | A02 | project=A02
2026-06-12 10:45:42 | INFO | A02 | repo_dir=streaming-05-storage
2026-06-12 10:45:42 | INFO | A02 | python=3.14.3
2026-06-12 10:45:42 | INFO | A02 | os=Windows 11
2026-06-12 10:45:42 | INFO | A02 | shell=powershell
2026-06-12 10:45:42 | INFO | A02 | cwd=.
2026-06-12 10:45:42 | INFO | A02 | github_actions=False
2026-06-12 10:45:42 | INFO | A02 | ========================
2026-06-12 10:45:42 | INFO | A02 | START admin main()
2026-06-12 10:45:42 | INFO | A02 | ========================
2026-06-12 10:45:42 | INFO | A02 | KAFKA_BOOTSTRAP_SERVERS = localhost:9092
2026-06-12 10:45:42 | INFO | A02 | KAFKA_TOPIC             = streaming-05-weather-foster
2026-06-12 10:45:42 | INFO | A02 | KAFKA_GROUP_ID          = streaming-consumer-group-A
2026-06-12 10:45:42 | INFO | A02 | KAFKA_AUTO_OFFSET_RESET = earliest
2026-06-12 10:45:42 | INFO | A02 | MESSAGE_INTERVAL_SECONDS = 1.0
2026-06-12 10:45:42 | INFO | A02 | MESSAGE_COUNT           = 6
2026-06-12 10:45:42 | INFO | A02 | Verifying Kafka connection...
2026-06-12 10:45:42 | INFO | A02 | Kafka port is reachable.
2026-06-12 10:45:42 | INFO | A02 | Topics currently in Kafka: ['__consumer_offsets', 'streaming-05-storage-case']
2026-06-12 10:45:42 | INFO | A02 | Topic 'streaming-05-weather-foster' does not exist. Nothing to delete.
2026-06-12 10:45:42 | INFO | A02 | Creating topic 'streaming-05-weather-foster' ...
2026-06-12 10:45:42 | INFO | A02 | Topic 'streaming-05-weather-foster' created successfully.
2026-06-12 10:45:42 | INFO | A02 | Topics currently in Kafka: ['__consumer_offsets', 'streaming-05-storage-case', 'streaming-05-weather-foster']
2026-06-12 10:45:42 | INFO | A02 | ========================
2026-06-12 10:45:42 | INFO | A02 | Admin executed successfully!
2026-06-12 10:45:42 | INFO | A02 | ========================
2026-06-12 10:45:54 | DEBUG | P-WEATHER | KAFKA_BOOTSTRAP_SERVERS           = localhost:9092
2026-06-12 10:45:54 | DEBUG | P-WEATHER | KAFKA_BROKER_ADDRESS_FAMILY       = v6
2026-06-12 10:45:54 | DEBUG | P-WEATHER | KAFKA_TOPIC                       = streaming-05-weather-foster
2026-06-12 10:45:54 | DEBUG | P-WEATHER | KAFKA_CLEAR_TOPIC_ON_START        = true
2026-06-12 10:45:54 | DEBUG | P-WEATHER | PRODUCER_MESSAGE_COUNT            = 3
2026-06-12 10:45:54 | DEBUG | P-WEATHER | PRODUCER_MESSAGE_INTERVAL_SECONDS = 2
2026-06-12 10:45:54 | DEBUG | P-WEATHER | PRODUCER_MAX_MESSAGES             = 50
2026-06-12 10:45:54 | DEBUG | P-WEATHER | PRODUCER_POLL_INTERVAL_SECONDS    = 15
2026-06-12 10:45:54 | DEBUG | P-WEATHER | KAFKA_GROUP_ID                    = streaming-consumer-group-A
2026-06-12 10:45:54 | DEBUG | P-WEATHER | KAFKA_AUTO_OFFSET_RESET           = earliest
2026-06-12 10:45:54 | DEBUG | P-WEATHER | CONSUMER_TIMEOUT_SECONDS          = 10
2026-06-12 10:45:54 | DEBUG | P-WEATHER | CONSUMER_MAX_MESSAGES             = 1000
2026-06-12 10:45:54 | INFO | P-WEATHER | === RUN START ===
2026-06-12 10:45:54 | INFO | P-WEATHER | project=P-WEATHER
2026-06-12 10:45:54 | INFO | P-WEATHER | repo_dir=streaming-05-storage
2026-06-12 10:45:54 | INFO | P-WEATHER | python=3.14.3
2026-06-12 10:45:54 | INFO | P-WEATHER | os=Windows 11
2026-06-12 10:45:54 | INFO | P-WEATHER | shell=powershell
2026-06-12 10:45:54 | INFO | P-WEATHER | cwd=.
2026-06-12 10:45:54 | INFO | P-WEATHER | github_actions=False
2026-06-12 10:45:54 | INFO | P-WEATHER | ========================
2026-06-12 10:45:54 | INFO | P-WEATHER | START weather producer main()
2026-06-12 10:45:54 | INFO | P-WEATHER | ========================
2026-06-12 10:45:54 | INFO | P-WEATHER | ROOT_DIR = .
2026-06-12 10:45:54 | INFO | P-WEATHER | DATA_DIR = data
2026-06-12 10:45:54 | INFO | P-WEATHER | WEATHER_CSV = data\weather_readings.csv
2026-06-12 10:45:54 | INFO | P-WEATHER | STATIONS_CSV = data\stations.csv
2026-06-12 10:45:54 | INFO | P-WEATHER | UNITS_CSV = data\units.csv
2026-06-12 10:45:54 | INFO | P-WEATHER | REJECTED_WEATHER_CSV = data\output\producer_rejected_weather.csv
2026-06-12 10:45:54 | INFO | P-WEATHER | ========================
2026-06-12 10:45:54 | INFO | P-WEATHER | SECTION A. Acquire
2026-06-12 10:45:54 | INFO | P-WEATHER | ========================
2026-06-12 10:45:54 | INFO | P-WEATHER | Loading settings from .env...
2026-06-12 10:45:54 | INFO | P-WEATHER | KAFKA_BOOTSTRAP_SERVERS           = localhost:9092
2026-06-12 10:45:54 | INFO | P-WEATHER | KAFKA_TOPIC                       = streaming-05-weather-foster
2026-06-12 10:45:54 | INFO | P-WEATHER | PRODUCER_MESSAGE_COUNT            = 3
2026-06-12 10:45:54 | INFO | P-WEATHER | PRODUCER_MESSAGE_INTERVAL_SECONDS = 2.0
2026-06-12 10:45:54 | INFO | P-WEATHER | Verifying Kafka connection...
2026-06-12 10:45:54 | INFO | P-WEATHER | Kafka port is reachable.
2026-06-12 10:45:58 | INFO | P-WEATHER | Loading validation reference data...
2026-06-12 10:45:58 | INFO | P-WEATHER | Found 5 valid stations, 2 valid unit systems.
2026-06-12 10:45:58 | INFO | P-WEATHER | ========================
2026-06-12 10:45:58 | INFO | P-WEATHER | SECTION P. Produce Messages
2026-06-12 10:45:58 | INFO | P-WEATHER | ========================
2026-06-12 10:45:58 | INFO | P-WEATHER | Initializing output...
2026-06-12 10:45:58 | INFO | P-WEATHER | Output directory ready: output
2026-06-12 10:45:58 | INFO | P-WEATHER | Sending messages...
2026-06-12 10:45:58 | INFO | P-WEATHER | Sending up to 3 message(s) to topic 'streaming-05-weather-foster'.
2026-06-12 10:45:58 | INFO | P-WEATHER | Watch each reading arrive. Press CTRL+C to stop early.

2026-06-12 10:45:58 | INFO | P-WEATHER | {
  reading_id: WR-0001
  datetime: 2026-05-04T08:00:00Z
  station_id: STN-DFW
  unit_system: imperial
  temperature: 72.4
  humidity_pct: 65
  wind_speed: 12.3
  condition: sunny
  device_id: DEV-101
}
2026-06-12 10:45:58 | INFO | P-WEATHER |   Sending message with key=STN-DFW
2026-06-12 10:45:58 | INFO | P-WEATHER |   MESSAGE SENT  sent=1
2026-06-12 10:46:00 | INFO | P-WEATHER | {
  reading_id: WR-0002
  datetime: 2026-05-04T08:15:00Z
  station_id: STN-SEA
  unit_system: imperial
  temperature: 54.1
  humidity_pct: 82
  wind_speed: 8.7
  condition: cloudy
  device_id: DEV-102
}
2026-06-12 10:46:00 | INFO | P-WEATHER |   Sending message with key=STN-SEA
2026-06-12 10:46:00 | INFO | P-WEATHER |   MESSAGE SENT  sent=2
2026-06-12 10:46:02 | INFO | P-WEATHER | {
  reading_id: WR-0003
  datetime: 2026-05-04T08:30:00Z
  station_id: STN-MIA
  unit_system: imperial
  temperature: 84.6
  humidity_pct: 91
  wind_speed: 5.2
  condition: humid
  device_id: DEV-103
}
2026-06-12 10:46:02 | INFO | P-WEATHER |   Sending message with key=STN-MIA
2026-06-12 10:46:02 | INFO | P-WEATHER |   MESSAGE SENT  sent=3
2026-06-12 10:46:04 | INFO | P-WEATHER | Checking for rejected records...
2026-06-12 10:46:04 | INFO | P-WEATHER |   No records rejected.
2026-06-12 10:46:04 | INFO | P-WEATHER | ========================
2026-06-12 10:46:04 | INFO | P-WEATHER | SECTION E. Exit
2026-06-12 10:46:04 | INFO | P-WEATHER | ========================
2026-06-12 10:46:04 | INFO | P-WEATHER | Summary:
2026-06-12 10:46:04 | INFO | P-WEATHER | Sent 3 message(s) to topic 'streaming-05-weather-foster'.
2026-06-12 10:46:04 | INFO | P-WEATHER | Rejected 0 message(s).
2026-06-12 10:46:04 | INFO | P-WEATHER | ========================
2026-06-12 10:46:04 | INFO | P-WEATHER | Weather producer executed successfully!
2026-06-12 10:46:04 | INFO | P-WEATHER | ========================
2026-06-12 10:46:12 | DEBUG | C-WEATHER | KAFKA_BOOTSTRAP_SERVERS           = localhost:9092
2026-06-12 10:46:12 | DEBUG | C-WEATHER | KAFKA_BROKER_ADDRESS_FAMILY       = v6
2026-06-12 10:46:12 | DEBUG | C-WEATHER | KAFKA_TOPIC                       = streaming-05-weather-foster
2026-06-12 10:46:12 | DEBUG | C-WEATHER | KAFKA_CLEAR_TOPIC_ON_START        = true
2026-06-12 10:46:12 | DEBUG | C-WEATHER | PRODUCER_MESSAGE_COUNT            = 3
2026-06-12 10:46:12 | DEBUG | C-WEATHER | PRODUCER_MESSAGE_INTERVAL_SECONDS = 2
2026-06-12 10:46:12 | DEBUG | C-WEATHER | PRODUCER_MAX_MESSAGES             = 50
2026-06-12 10:46:12 | DEBUG | C-WEATHER | PRODUCER_POLL_INTERVAL_SECONDS    = 15
2026-06-12 10:46:12 | DEBUG | C-WEATHER | KAFKA_GROUP_ID                    = streaming-consumer-group-A
2026-06-12 10:46:12 | DEBUG | C-WEATHER | KAFKA_AUTO_OFFSET_RESET           = earliest
2026-06-12 10:46:12 | DEBUG | C-WEATHER | CONSUMER_TIMEOUT_SECONDS          = 10
2026-06-12 10:46:12 | DEBUG | C-WEATHER | CONSUMER_MAX_MESSAGES             = 1000
2026-06-12 10:46:12 | INFO | C-WEATHER | === RUN START ===
2026-06-12 10:46:12 | INFO | C-WEATHER | project=C-WEATHER
2026-06-12 10:46:12 | INFO | C-WEATHER | repo_dir=streaming-05-storage
2026-06-12 10:46:12 | INFO | C-WEATHER | python=3.14.3
2026-06-12 10:46:12 | INFO | C-WEATHER | os=Windows 11
2026-06-12 10:46:12 | INFO | C-WEATHER | shell=powershell
2026-06-12 10:46:12 | INFO | C-WEATHER | cwd=.
2026-06-12 10:46:12 | INFO | C-WEATHER | github_actions=False
2026-06-12 10:46:12 | INFO | C-WEATHER | ========================
2026-06-12 10:46:12 | INFO | C-WEATHER | START weather consumer main()
2026-06-12 10:46:12 | INFO | C-WEATHER | ========================
2026-06-12 10:46:12 | INFO | C-WEATHER | ROOT_DIR = .
2026-06-12 10:46:12 | INFO | C-WEATHER | DATA_DIR = data
2026-06-12 10:46:12 | INFO | C-WEATHER | OUTPUT_CSV = data\output\consumed_weather.csv
2026-06-12 10:46:12 | INFO | C-WEATHER | OUTPUT_DB = data\output\weather.duckdb
2026-06-12 10:46:12 | INFO | C-WEATHER | STATIONS_CSV = data\stations.csv
2026-06-12 10:46:12 | INFO | C-WEATHER | UNITS_CSV = data\units.csv
2026-06-12 10:46:12 | INFO | C-WEATHER | ========================
2026-06-12 10:46:12 | INFO | C-WEATHER | SECTION A. Acquire
2026-06-12 10:46:12 | INFO | C-WEATHER | ========================
2026-06-12 10:46:12 | INFO | C-WEATHER | Loading settings from .env...
2026-06-12 10:46:12 | INFO | C-WEATHER | KAFKA_BOOTSTRAP_SERVERS  = localhost:9092
2026-06-12 10:46:12 | INFO | C-WEATHER | KAFKA_TOPIC              = streaming-05-weather-foster
2026-06-12 10:46:12 | INFO | C-WEATHER | KAFKA_GROUP_ID           = streaming-consumer-group-A
2026-06-12 10:46:12 | INFO | C-WEATHER | CONSUMER_TIMEOUT_SECONDS = 10.0
2026-06-12 10:46:12 | INFO | C-WEATHER | CONSUMER_MAX_MESSAGES    = 1000
2026-06-12 10:46:12 | INFO | C-WEATHER | Verifying Kafka connection...
2026-06-12 10:46:12 | INFO | C-WEATHER | Kafka port is reachable.
2026-06-12 10:46:12 | INFO | C-WEATHER | Verifying Kafka topic...
2026-06-12 10:46:12 | INFO | C-WEATHER | Topic 'streaming-05-weather-foster' exists.
2026-06-12 10:46:12 | INFO | C-WEATHER | Found 3 message(s) available.
2026-06-12 10:46:12 | INFO | C-WEATHER | Creating Kafka consumer...
2026-06-12 10:46:12 | INFO | C-WEATHER | Subscribed to topic: 'streaming-05-weather-foster' (reading from beginning)
2026-06-12 10:46:12 | INFO | C-WEATHER | ========================
2026-06-12 10:46:12 | INFO | C-WEATHER | SECTION C. Consume and Process Messages
2026-06-12 10:46:12 | INFO | C-WEATHER | ========================
2026-06-12 10:46:12 | INFO | C-WEATHER | Initializing output...
2026-06-12 10:46:12 | INFO | C-WEATHER | Output CSV cleared: consumed_weather.csv
2026-06-12 10:46:13 | INFO | C-WEATHER | Database initialized: weather.duckdb
2026-06-12 10:46:13 | INFO | C-WEATHER | Loading validation reference data...
2026-06-12 10:46:13 | INFO | C-WEATHER | Found 5 valid station(s).
2026-06-12 10:46:13 | INFO | C-WEATHER | Found 2 valid unit system(s).
2026-06-12 10:46:13 | INFO | C-WEATHER | Consuming messages...
2026-06-12 10:46:13 | INFO | C-WEATHER | Waiting for up to 1000 message(s).
2026-06-12 10:46:13 | INFO | C-WEATHER | Press CTRL+C to stop early.

2026-06-12 10:46:16 | INFO | C-WEATHER | {'condition': 'sunny', 'datetime': '2026-05-04T08:00:00Z', 'device_id': 'DEV-101', 'humidity_pct': '65', 'reading_id': 'WR-0001', 'station_id': 'STN-DFW', 'temperature': '72.4', 'unit_system': 'imperial', 'wind_speed': '12.3', '_kafka_key': 'STN-DFW', '_kafka_partition': 0, '_kafka_offset': 0}
2026-06-12 10:46:16 | INFO | C-WEATHER | heat_index=72.4
2026-06-12 10:46:16 | INFO | C-WEATHER | wind_chill=72.4
2026-06-12 10:46:16 | INFO | C-WEATHER | running_avg_temp=72.4F
2026-06-12 10:46:16 | INFO | C-WEATHER |   reading=WR-0001
2026-06-12 10:46:16 | INFO | C-WEATHER | MESSAGE ACCEPTED
2026-06-12 10:46:16 | INFO | C-WEATHER | reading=WR-0001
2026-06-12 10:46:16 | INFO | C-WEATHER | station=STN-DFW
2026-06-12 10:46:16 | INFO | C-WEATHER | temp=72.4F
2026-06-12 10:46:16 | INFO | C-WEATHER | heat_index=72.4F
2026-06-12 10:46:16 | INFO | C-WEATHER | wind_chill=72.4F
2026-06-12 10:46:16 | INFO | C-WEATHER | consumed=1
2026-06-12 10:46:16 | INFO | C-WEATHER | RUNNING STATS (temperature)
2026-06-12 10:46:16 | INFO | C-WEATHER | avg_temp=72.4F
2026-06-12 10:46:16 | INFO | C-WEATHER | min_temp=72.4F
2026-06-12 10:46:16 | INFO | C-WEATHER | max_temp=72.4F
2026-06-12 10:46:16 | INFO | C-WEATHER | {'condition': 'cloudy', 'datetime': '2026-05-04T08:15:00Z', 'device_id': 'DEV-102', 'humidity_pct': '82', 'reading_id': 'WR-0002', 'station_id': 'STN-SEA', 'temperature': '54.1', 'unit_system': 'imperial', 'wind_speed': '8.7', '_kafka_key': 'STN-SEA', '_kafka_partition': 0, '_kafka_offset': 1}
2026-06-12 10:46:16 | INFO | C-WEATHER | heat_index=54.1
2026-06-12 10:46:16 | INFO | C-WEATHER | wind_chill=54.1
2026-06-12 10:46:16 | INFO | C-WEATHER | running_avg_temp=63.2F
2026-06-12 10:46:16 | INFO | C-WEATHER |   reading=WR-0002
2026-06-12 10:46:16 | INFO | C-WEATHER | MESSAGE ACCEPTED
2026-06-12 10:46:16 | INFO | C-WEATHER | reading=WR-0002
2026-06-12 10:46:16 | INFO | C-WEATHER | station=STN-SEA
2026-06-12 10:46:16 | INFO | C-WEATHER | temp=54.1F
2026-06-12 10:46:16 | INFO | C-WEATHER | heat_index=54.1F
2026-06-12 10:46:16 | INFO | C-WEATHER | wind_chill=54.1F
2026-06-12 10:46:16 | INFO | C-WEATHER | consumed=2
2026-06-12 10:46:16 | INFO | C-WEATHER | RUNNING STATS (temperature)
2026-06-12 10:46:16 | INFO | C-WEATHER | avg_temp=63.2F
2026-06-12 10:46:16 | INFO | C-WEATHER | min_temp=54.1F
2026-06-12 10:46:16 | INFO | C-WEATHER | max_temp=72.4F
2026-06-12 10:46:16 | INFO | C-WEATHER | {'condition': 'humid', 'datetime': '2026-05-04T08:30:00Z', 'device_id': 'DEV-103', 'humidity_pct': '91', 'reading_id': 'WR-0003', 'station_id': 'STN-MIA', 'temperature': '84.6', 'unit_system': 'imperial', 'wind_speed': '5.2', '_kafka_key': 'STN-MIA', '_kafka_partition': 0, '_kafka_offset': 2}
2026-06-12 10:46:16 | INFO | C-WEATHER | heat_index=100.6
2026-06-12 10:46:16 | INFO | C-WEATHER | wind_chill=84.6
2026-06-12 10:46:16 | INFO | C-WEATHER | running_avg_temp=70.4F
2026-06-12 10:46:16 | INFO | C-WEATHER |   reading=WR-0003
2026-06-12 10:46:16 | INFO | C-WEATHER | MESSAGE ACCEPTED
2026-06-12 10:46:16 | INFO | C-WEATHER | reading=WR-0003
2026-06-12 10:46:16 | INFO | C-WEATHER | station=STN-MIA
2026-06-12 10:46:16 | INFO | C-WEATHER | temp=84.6F
2026-06-12 10:46:16 | INFO | C-WEATHER | heat_index=100.6F
2026-06-12 10:46:16 | INFO | C-WEATHER | wind_chill=84.6F
2026-06-12 10:46:16 | INFO | C-WEATHER | consumed=3
2026-06-12 10:46:16 | INFO | C-WEATHER | RUNNING STATS (temperature)
2026-06-12 10:46:16 | INFO | C-WEATHER | avg_temp=70.4F
2026-06-12 10:46:16 | INFO | C-WEATHER | min_temp=54.1F
2026-06-12 10:46:16 | INFO | C-WEATHER | max_temp=84.6F
2026-06-12 10:46:26 | INFO | C-WEATHER | No message received within 10.0s timeout.
2026-06-12 10:46:26 | INFO | C-WEATHER | Producer finished or paused. Stopping consumer.
2026-06-12 10:46:26 | INFO | C-WEATHER | Kafka consumer closed.
2026-06-12 10:46:26 | INFO | C-WEATHER | Saving artifacts...
2026-06-12 10:46:26 | INFO | C-WEATHER | WROTE OUTPUT_CSV = data\output\consumed_weather.csv
2026-06-12 10:46:26 | INFO | C-WEATHER | WROTE OUTPUT_DB = data\output\weather.duckdb
2026-06-12 10:46:26 | INFO | C05-WEATHER-STORAGE | DuckDB valid row(s): 3
2026-06-12 10:46:26 | INFO | C05-WEATHER-STORAGE | DuckDB rejected row(s): 0
2026-06-12 10:46:26 | INFO | C05-WEATHER-STORAGE | DuckDB weather summary by station:
2026-06-12 10:46:26 | INFO | C05-WEATHER-STORAGE |   STN-DFW: 1 reading(s) | avg_temp=72.4F | avg_heat_index=72.4F | avg_wind_chill=72.4F
2026-06-12 10:46:26 | INFO | C05-WEATHER-STORAGE |   STN-MIA: 1 reading(s) | avg_temp=84.6F | avg_heat_index=100.6F | avg_wind_chill=84.6F
2026-06-12 10:46:26 | INFO | C05-WEATHER-STORAGE |   STN-SEA: 1 reading(s) | avg_temp=54.1F | avg_heat_index=54.1F | avg_wind_chill=54.1F
2026-06-12 10:46:26 | INFO | C-WEATHER | ========================
2026-06-12 10:46:26 | INFO | C-WEATHER | SECTION E. Exit
2026-06-12 10:46:26 | INFO | C-WEATHER | ========================
2026-06-12 10:46:26 | INFO | C-WEATHER | Summary:
2026-06-12 10:46:26 | INFO | C-WEATHER | Consumed 3 message(s) from topic 'streaming-05-weather-foster'.
2026-06-12 10:46:26 | INFO | C-WEATHER | Skipped  0 message(s).
2026-06-12 10:46:26 | INFO | C-WEATHER | OUTPUT_CSV = data\output\consumed_weather.csv
2026-06-12 10:46:26 | INFO | C-WEATHER |   Avg temperature: 70.4F
2026-06-12 10:46:26 | INFO | C-WEATHER |   Min temperature: 54.1F
2026-06-12 10:46:26 | INFO | C-WEATHER |   Max temperature: 84.6F
2026-06-12 10:46:26 | INFO | C-WEATHER | ========================
2026-06-12 10:46:26 | INFO | C-WEATHER | Weather consumer executed successfully!
2026-06-12 10:46:26 | INFO | C-WEATHER | ========================
